#
# A fatal error has been detected by the Java Runtime Environment:
#
#  SIGILL (0x4) at pc=0x00007fff5d4adc74, pid=18743, tid=0x000000000000993b
#
# JRE version: Java(TM) SE Runtime Environment (8.0_151-b12) (build 1.8.0_151-b12)
# Java VM: Java HotSpot(TM) 64-Bit Server VM (25.151-b12 mixed mode bsd-amd64 compressed oops)
# Problematic frame:
# C  [libdispatch.dylib+0x1c74]  _os_object_release+0x31
#
# Failed to write core dump. Core dumps have been disabled. To enable core dumping, try "ulimit -c unlimited" before starting Java again
#
# If you would like to submit a bug report, please visit:
#   http://bugreport.java.com/bugreport/crash.jsp
# The crash happened outside the Java Virtual Machine in native code.
# See problematic frame for where to report the bug.
#

---------------  T H R E A D  ---------------

Current thread (0x00007fca70cd3000):  JavaThread "Thread-7" daemon [_thread_in_native, id=39227, stack(0x0000700006c67000,0x0000700006d67000)]

siginfo: si_signo: 4 (SIGILL), si_code: 1 (ILL_ILLOPC), si_addr: 0x00007fff5d4adc74

Registers:
RAX=0x00007fca6d7dea0c, RBX=0x00007fca6d7df5e0, RCX=0x00007fff5d4d9cbb, RDX=0x000000017c99f458
RSP=0x0000700006d662d8, RBP=0x0000700006d662f0, RSI=0x00007fca6d7df605, RDI=0x00007fca6d7dea00
R8 =0x0000000000000000, R9 =0x0000000000000001, R10=0x00000000fff00000, R11=0x00007fca6d700000
R12=0x00007fca6d7dea00, R13=0x00007fff3fd8128a, R14=0x00007fca718b9d50, R15=0x00007fca6d737920
RIP=0x00007fff5d4adc74, EFLAGS=0x0000000000010286, ERR=0x0000000000000000
  TRAPNO=0x0000000000000006

Top of Stack: (sp=0x0000700006d662d8)
0x0000700006d662d8:   00007fff5d8361db 0000000000000000
0x0000700006d662e8:   00007fca6d7df5e0 0000700006d66410
0x0000700006d662f8:   00007fff5d8334d0 0000700006d66420
0x0000700006d66308:   000000010a602800 000000010a5fd000
0x0000700006d66318:   0000000000000010 0000000106d66360
0x0000700006d66328:   0000000000000001 0000000000000020
0x0000700006d66338:   0000000000002bd0 00007fff95fea000
0x0000700006d66348:   0000000000000020 0000700006d66380
0x0000700006d66358:   00007fff5d691c7c 00007fff960085e8
0x0000700006d66368:   00007fca6d4014a4 0000000080880000
0x0000700006d66378:   00007ffffffffff8 0000700006d663a0
0x0000700006d66388:   00007fff5d69258e 0000000000000020
0x0000700006d66398:   00007fff960085e8 0000700006d663d0
0x0000700006d663a8:   00007fff5c8bfcea 0000000000000018
0x0000700006d663b8:   0000700006d66540 00007fff960085e8
0x0000700006d663c8:   00007fca718b9d50 00007fca718b9dc8
0x0000700006d663d8:   0000000000000000 0000000000002bd0
0x0000700006d663e8:   00007fca6d737920 0000700006d66540
0x0000700006d663f8:   0000000000002bd0 00007fff3fd8128a
0x0000700006d66408:   00007fca718b9d50 0000700006d66440
0x0000700006d66418:   00007fff5d836937 0000000000000000
0x0000700006d66428:   0000000000002bd0 00007fca718b9d50
0x0000700006d66438:   00007fff3fd8116e 0000700006d66480
0x0000700006d66448:   00007fff3fd793cb 0000700006d66500
0x0000700006d66458:   00007fca6d7d44b0 0000700006d66540
0x0000700006d66468:   0000700006d665e8 0000700006d666a4
0x0000700006d66478:   0000000000000009 0000700006d66590
0x0000700006d66488:   00007fff3fd785bb 000000010a5fd000
0x0000700006d66498:   00007fff95fd4060 0000000042000000
0x0000700006d664a8:   00007fff3fd7accc 00007fff90b48640
0x0000700006d664b8:   0000700006d664e0 0000700006d66500
0x0000700006d664c8:   0000700006d666a4 0000700006d66550 

Instructions: (pc=0x00007fff5d4adc74)
0x00007fff5d4adc54:   ff ff f0 0f c1 08 85 c9 7e 01 c3 75 05 e9 5e 0a
0x00007fff5d4adc64:   00 00 48 8d 0d 4e c0 02 00 48 89 0d a4 7e b1 38
0x00007fff5d4adc74:   0f 0b 55 48 89 e5 41 56 53 49 89 f6 48 89 fb 48
0x00007fff5d4adc84:   85 db 74 0d 48 89 de 48 83 c6 40 73 0f 31 c0 eb 

Register to memory mapping:

RAX=0x00007fca6d7dea0c is an unknown value
RBX=0x00007fca6d7df5e0 is an unknown value
RCX=0x00007fff5d4d9cbb: __libdispatchVersionNumber+0x483 in /usr/lib/system/libdispatch.dylib at 0x00007fff5d4ac000
RDX=0x000000017c99f458 is an unknown value
RSP=0x0000700006d662d8 is pointing into the stack for thread: 0x00007fca70cd3000
RBP=0x0000700006d662f0 is pointing into the stack for thread: 0x00007fca70cd3000
RSI=0x00007fca6d7df605 is an unknown value
RDI=0x00007fca6d7dea00 is an unknown value
R8 =0x0000000000000000 is an unknown value
R9 =0x0000000000000001 is an unknown value
R10=0x00000000fff00000 is an unknown value
R11=0x00007fca6d700000 is an unknown value
R12=0x00007fca6d7dea00 is an unknown value
R13=0x00007fff3fd8128a: DebugLogCategory+0x6ad in /System/Library/Frameworks/PCSC.framework/Versions/A/PCSC at 0x00007fff3fd77000
R14=0x00007fca718b9d50 is an unknown value
R15=0x00007fca6d737920 is an unknown value


Stack: [0x0000700006c67000,0x0000700006d67000],  sp=0x0000700006d662d8,  free space=1020k
Native frames: (J=compiled Java code, j=interpreted, Vv=VM code, C=native code)
C  [libdispatch.dylib+0x1c74]  _os_object_release+0x31
C  [libxpc.dylib+0x24d0]  _xpc_dictionary_insert+0xa4
C  [libxpc.dylib+0x5937]  xpc_dictionary_set_int64+0x29
C  [PCSC+0x23cb]  new_handle+0x7e
C  [PCSC+0x15bb]  transact+0x1c8
C  [PCSC+0x199a]  SCardGetStatusChange+0x153
C  [libj2pcsc.dylib+0x1282]  Java_sun_security_smartcardio_PCSC_SCardGetStatusChange+0x1aa
J 3502  sun.security.smartcardio.PCSC.SCardGetStatusChange(JJ[I[Ljava/lang/String;)[I (0 bytes) @ 0x0000000118721d66 [0x0000000118721c80+0xe6]
J 3726 C2 sun.security.smartcardio.TerminalImpl.isCardPresent()Z (54 bytes) @ 0x00000001180f4778 [0x00000001180f4680+0xf8]
j  pacicardlibrary.JavaIOCardAndReaderEvent.CheckForTerminalChanges()V+879
j  pacicardlibrary.JavaIOCardAndReaderEvent$1.run()V+4
j  java.lang.Thread.run()V+11
v  ~StubRoutines::call_stub
V  [libjvm.dylib+0x2ee9aa]  JavaCalls::call_helper(JavaValue*, methodHandle*, JavaCallArguments*, Thread*)+0x6ae
V  [libjvm.dylib+0x2ef14e]  JavaCalls::call_virtual(JavaValue*, KlassHandle, Symbol*, Symbol*, JavaCallArguments*, Thread*)+0x164
V  [libjvm.dylib+0x2ef2fa]  JavaCalls::call_virtual(JavaValue*, Handle, KlassHandle, Symbol*, Symbol*, Thread*)+0x4a
V  [libjvm.dylib+0x349a51]  thread_entry(JavaThread*, Thread*)+0x7c
V  [libjvm.dylib+0x56c173]  JavaThread::thread_main_inner()+0x9b
V  [libjvm.dylib+0x56d860]  JavaThread::run()+0x1c2
V  [libjvm.dylib+0x48bbb2]  java_start(Thread*)+0xf6
C  [libsystem_pthread.dylib+0x3661]  _pthread_body+0x154
C  [libsystem_pthread.dylib+0x350d]  _pthread_body+0x0
C  [libsystem_pthread.dylib+0x2bf9]  thread_start+0xd
C  0x0000000000000000

Java frames: (J=compiled Java code, j=interpreted, Vv=VM code)
J 3502  sun.security.smartcardio.PCSC.SCardGetStatusChange(JJ[I[Ljava/lang/String;)[I (0 bytes) @ 0x0000000118721cec [0x0000000118721c80+0x6c]
J 3726 C2 sun.security.smartcardio.TerminalImpl.isCardPresent()Z (54 bytes) @ 0x00000001180f4778 [0x00000001180f4680+0xf8]
j  pacicardlibrary.JavaIOCardAndReaderEvent.CheckForTerminalChanges()V+879
j  pacicardlibrary.JavaIOCardAndReaderEvent$1.run()V+4
j  java.lang.Thread.run()V+11
v  ~StubRoutines::call_stub

---------------  P R O C E S S  ---------------

Java Threads: ( => current thread )
  0x00007fca6f8cd800 JavaThread "Thread-9" daemon [_thread_in_native, id=39599, stack(0x0000700006ef0000,0x0000700006ff0000)]
  0x00007fca6e12e800 JavaThread "Thread-8" daemon [_thread_in_native, id=26627, stack(0x0000700006d6a000,0x0000700006e6a000)]
=>0x00007fca70cd3000 JavaThread "Thread-7" daemon [_thread_in_native, id=39227, stack(0x0000700006c67000,0x0000700006d67000)]
  0x00007fca7232e000 JavaThread "Thread-6" daemon [_thread_in_native, id=26119, stack(0x0000700005b34000,0x0000700005c34000)]
  0x00007fca6e16b000 JavaThread "Thread-5" daemon [_thread_in_native, id=40203, stack(0x0000700005a31000,0x0000700005b31000)]
  0x00007fca6ddb7000 JavaThread "DestroyJavaVM" [_thread_blocked, id=5891, stack(0x0000700004c07000,0x0000700004d07000)]
  0x00007fca7202e000 JavaThread "http-nio-8020-AsyncTimeout" daemon [_thread_blocked, id=25091, stack(0x0000700006b64000,0x0000700006c64000)]
  0x00007fca7202d800 JavaThread "http-nio-8020-Acceptor-0" daemon [_thread_in_native, id=40707, stack(0x0000700006a61000,0x0000700006b61000)]
  0x00007fca6e0fc000 JavaThread "http-nio-8020-ClientPoller-1" daemon [_thread_in_native, id=24579, stack(0x000070000695e000,0x0000700006a5e000)]
  0x00007fca7140d800 JavaThread "http-nio-8020-ClientPoller-0" daemon [_thread_in_native, id=41219, stack(0x000070000685b000,0x000070000695b000)]
  0x00007fca6f13e000 JavaThread "http-nio-8020-exec-10" daemon [_thread_blocked, id=41731, stack(0x0000700006758000,0x0000700006858000)]
  0x00007fca6f13d800 JavaThread "http-nio-8020-exec-9" daemon [_thread_blocked, id=23811, stack(0x0000700006655000,0x0000700006755000)]
  0x00007fca6f1a2000 JavaThread "http-nio-8020-exec-8" daemon [_thread_blocked, id=42243, stack(0x0000700006552000,0x0000700006652000)]
  0x00007fca7232d000 JavaThread "http-nio-8020-exec-7" daemon [_thread_blocked, id=23555, stack(0x000070000644f000,0x000070000654f000)]
  0x00007fca6f1a1000 JavaThread "http-nio-8020-exec-6" daemon [_thread_blocked, id=23043, stack(0x000070000634c000,0x000070000644c000)]
  0x00007fca6f6f9800 JavaThread "http-nio-8020-exec-5" daemon [_thread_blocked, id=42755, stack(0x0000700006249000,0x0000700006349000)]
  0x00007fca72337800 JavaThread "http-nio-8020-exec-4" daemon [_thread_blocked, id=22531, stack(0x0000700006146000,0x0000700006246000)]
  0x00007fca6f1df800 JavaThread "http-nio-8020-exec-3" daemon [_thread_blocked, id=22275, stack(0x0000700006043000,0x0000700006143000)]
  0x00007fca6f575800 JavaThread "http-nio-8020-exec-2" daemon [_thread_blocked, id=21763, stack(0x0000700005f40000,0x0000700006040000)]
  0x00007fca6f052800 JavaThread "http-nio-8020-exec-1" daemon [_thread_blocked, id=3847, stack(0x0000700005e3d000,0x0000700005f3d000)]
  0x00007fca6e028800 JavaThread "NioBlockingSelector.BlockPoller-1" daemon [_thread_in_native, id=4615, stack(0x0000700004a7e000,0x0000700004b7e000)]
  0x00007fca6fefa000 JavaThread "container-0" [_thread_blocked, id=15619, stack(0x0000700005d3a000,0x0000700005e3a000)]
  0x00007fca7212f000 JavaThread "ContainerBackgroundProcessor[StandardEngine[Tomcat]]" daemon [_thread_blocked, id=16131, stack(0x0000700005c37000,0x0000700005d37000)]
  0x00007fca6d83c000 JavaThread "Service Thread" daemon [_thread_blocked, id=17923, stack(0x000070000582b000,0x000070000592b000)]
  0x00007fca6d842000 JavaThread "C1 CompilerThread2" daemon [_thread_blocked, id=18179, stack(0x0000700005728000,0x0000700005828000)]
  0x00007fca6d81b800 JavaThread "C2 CompilerThread1" daemon [_thread_blocked, id=18435, stack(0x0000700005625000,0x0000700005725000)]
  0x00007fca6e01f000 JavaThread "C2 CompilerThread0" daemon [_thread_blocked, id=14083, stack(0x0000700005522000,0x0000700005622000)]
  0x00007fca6e008800 JavaThread "Signal Dispatcher" daemon [_thread_blocked, id=13835, stack(0x000070000541f000,0x000070000551f000)]
  0x00007fca6f000800 JavaThread "Finalizer" daemon [_thread_blocked, id=21251, stack(0x000070000531c000,0x000070000541c000)]
  0x00007fca6d82d000 JavaThread "Reference Handler" daemon [_thread_blocked, id=12291, stack(0x0000700005219000,0x0000700005319000)]

Other Threads:
  0x00007fca6d828800 VMThread [stack: 0x0000700005116000,0x0000700005216000] [id=11779]
  0x00007fca6e028000 WatcherThread [stack: 0x000070000592e000,0x0000700005a2e000] [id=17411]

VM state:not at safepoint (normal execution)

VM Mutex/Monitor currently owned by a thread: None

Heap:
 PSYoungGen      total 278528K, used 153805K [0x0000000795580000, 0x00000007abd80000, 0x00000007c0000000)
  eden space 268288K, 53% used [0x0000000795580000,0x000000079e1b81e0,0x00000007a5b80000)
  from space 10240K, 99% used [0x00000007a6800000,0x00000007a71fb240,0x00000007a7200000)
  to   space 12800K, 0% used [0x00000007a5b80000,0x00000007a5b80000,0x00000007a6800000)
 ParOldGen       total 56320K, used 12883K [0x0000000740000000, 0x0000000743700000, 0x0000000795580000)
  object space 56320K, 22% used [0x0000000740000000,0x0000000740c94d48,0x0000000743700000)
 Metaspace       used 32260K, capacity 32608K, committed 33024K, reserved 1079296K
  class space    used 3967K, capacity 4068K, committed 4096K, reserved 1048576K

Card table byte_map: [0x000000010c367000,0x000000010c768000] byte_map_base: 0x0000000108967000

Marking Bits: (ParMarkBitMap*) 0x000000010b8f35d0
 Begin Bits: [0x000000010ca13000, 0x000000010ea13000)
 End Bits:   [0x000000010ea13000, 0x0000000110a13000)

Polling page: 0x000000010a68f000

CodeCache: size=245760Kb used=10296Kb max_used=12300Kb free=235463Kb
 bounds [0x0000000117e12000, 0x0000000118a92000, 0x0000000126e12000]
 total_blobs=3432 nmethods=3024 adapters=321
 compilation: enabled

Compilation events (10 events):
Event: 2791.542 Thread 0x00007fca6d81b800 3736   !   4       org.apache.tomcat.util.net.NioEndpoint$Poller::timeout (493 bytes)
Event: 2791.565 Thread 0x00007fca6d81b800 nmethod 3736 0x00000001183bd950 code [0x00000001183bdbc0, 0x00000001183be830]
Event: 2824.936 Thread 0x00007fca6d842000 3737       3       java.util.TreeMap::<init> (20 bytes)
Event: 2824.936 Thread 0x00007fca6d842000 nmethod 3737 0x000000011822bb10 code [0x000000011822bc80, 0x000000011822beb0]
Event: 2824.936 Thread 0x00007fca6d842000 3738       3       java.lang.Thread::setContextClassLoader (27 bytes)
Event: 2824.937 Thread 0x00007fca6d842000 nmethod 3738 0x00000001187538d0 code [0x0000000118753a80, 0x0000000118753fd8]
Event: 2854.938 Thread 0x00007fca6d842000 3739   !   3       org.apache.catalina.core.StandardContext::getLoader (38 bytes)
Event: 2854.940 Thread 0x00007fca6d842000 nmethod 3739 0x00000001184d32d0 code [0x00000001184d34e0, 0x00000001184d3ed8]
Event: 2884.938 Thread 0x00007fca6e01f000 3740       4       java.util.concurrent.CopyOnWriteArrayList$COWIterator::next (32 bytes)
Event: 2884.940 Thread 0x00007fca6e01f000 nmethod 3740 0x00000001180f4210 code [0x00000001180f4360, 0x00000001180f4438]

GC Heap History (10 events):
Event: 2.724 GC heap before
{Heap before GC invocations=7 (full 0):
 PSYoungGen      total 137728K, used 130533K [0x0000000795580000, 0x000000079e480000, 0x00000007c0000000)
  eden space 132096K, 94% used [0x0000000795580000,0x000000079cfa1478,0x000000079d680000)
  from space 5632K, 97% used [0x000000079dd00000,0x000000079e2580f0,0x000000079e280000)
  to   space 6656K, 0% used [0x000000079d680000,0x000000079d680000,0x000000079dd00000)
 ParOldGen       total 87552K, used 441K [0x0000000740000000, 0x0000000745580000, 0x0000000795580000)
  object space 87552K, 0% used [0x0000000740000000,0x000000074006e6b0,0x0000000745580000)
 Metaspace       used 20866K, capacity 21118K, committed 21296K, reserved 1069056K
  class space    used 2556K, capacity 2638K, committed 2688K, reserved 1048576K
Event: 2.742 GC heap after
Heap after GC invocations=7 (full 0):
 PSYoungGen      total 138752K, used 6644K [0x0000000795580000, 0x00000007a6780000, 0x00000007c0000000)
  eden space 132096K, 0% used [0x0000000795580000,0x0000000795580000,0x000000079d680000)
  from space 6656K, 99% used [0x000000079d680000,0x000000079dcfd0f0,0x000000079dd00000)
  to   space 8192K, 0% used [0x00000007a5f80000,0x00000007a5f80000,0x00000007a6780000)
 ParOldGen       total 87552K, used 2267K [0x0000000740000000, 0x0000000745580000, 0x0000000795580000)
  object space 87552K, 2% used [0x0000000740000000,0x0000000740236df8,0x0000000745580000)
 Metaspace       used 20866K, capacity 21118K, committed 21296K, reserved 1069056K
  class space    used 2556K, capacity 2638K, committed 2688K, reserved 1048576K
}
Event: 2.742 GC heap before
{Heap before GC invocations=8 (full 1):
 PSYoungGen      total 138752K, used 6644K [0x0000000795580000, 0x00000007a6780000, 0x00000007c0000000)
  eden space 132096K, 0% used [0x0000000795580000,0x0000000795580000,0x000000079d680000)
  from space 6656K, 99% used [0x000000079d680000,0x000000079dcfd0f0,0x000000079dd00000)
  to   space 8192K, 0% used [0x00000007a5f80000,0x00000007a5f80000,0x00000007a6780000)
 ParOldGen       total 87552K, used 2267K [0x0000000740000000, 0x0000000745580000, 0x0000000795580000)
  object space 87552K, 2% used [0x0000000740000000,0x0000000740236df8,0x0000000745580000)
 Metaspace       used 20866K, capacity 21118K, committed 21296K, reserved 1069056K
  class space    used 2556K, capacity 2638K, committed 2688K, reserved 1048576K
Event: 2.787 GC heap after
Heap after GC invocations=8 (full 1):
 PSYoungGen      total 138752K, used 0K [0x0000000795580000, 0x00000007a6780000, 0x00000007c0000000)
  eden space 132096K, 0% used [0x0000000795580000,0x0000000795580000,0x000000079d680000)
  from space 6656K, 0% used [0x000000079d680000,0x000000079d680000,0x000000079dd00000)
  to   space 8192K, 0% used [0x00000007a5f80000,0x00000007a5f80000,0x00000007a6780000)
 ParOldGen       total 56320K, used 8257K [0x0000000740000000, 0x0000000743700000, 0x0000000795580000)
  object space 56320K, 14% used [0x0000000740000000,0x0000000740810690,0x0000000743700000)
 Metaspace       used 20866K, capacity 21118K, committed 21296K, reserved 1069056K
  class space    used 2556K, capacity 2638K, committed 2688K, reserved 1048576K
}
Event: 3.548 GC heap before
{Heap before GC invocations=9 (full 1):
 PSYoungGen      total 138752K, used 132096K [0x0000000795580000, 0x00000007a6780000, 0x00000007c0000000)
  eden space 132096K, 100% used [0x0000000795580000,0x000000079d680000,0x000000079d680000)
  from space 6656K, 0% used [0x000000079d680000,0x000000079d680000,0x000000079dd00000)
  to   space 8192K, 0% used [0x00000007a5f80000,0x00000007a5f80000,0x00000007a6780000)
 ParOldGen       total 56320K, used 8257K [0x0000000740000000, 0x0000000743700000, 0x0000000795580000)
  object space 56320K, 14% used [0x0000000740000000,0x0000000740810690,0x0000000743700000)
 Metaspace       used 22965K, capacity 23286K, committed 23424K, reserved 1069056K
  class space    used 2818K, capacity 2930K, committed 2944K, reserved 1048576K
Event: 3.554 GC heap after
Heap after GC invocations=9 (full 1):
 PSYoungGen      total 208896K, used 2870K [0x0000000795580000, 0x00000007a6280000, 0x00000007c0000000)
  eden space 205824K, 0% used [0x0000000795580000,0x0000000795580000,0x00000007a1e80000)
  from space 3072K, 93% used [0x00000007a5f80000,0x00000007a624d9a0,0x00000007a6280000)
  to   space 8192K, 0% used [0x00000007a5280000,0x00000007a5280000,0x00000007a5a80000)
 ParOldGen       total 56320K, used 8265K [0x0000000740000000, 0x0000000743700000, 0x0000000795580000)
  object space 56320K, 14% used [0x0000000740000000,0x0000000740812690,0x0000000743700000)
 Metaspace       used 22965K, capacity 23286K, committed 23424K, reserved 1069056K
  class space    used 2818K, capacity 2930K, committed 2944K, reserved 1048576K
}
Event: 4.722 GC heap before
{Heap before GC invocations=10 (full 1):
 PSYoungGen      total 208896K, used 208694K [0x0000000795580000, 0x00000007a6280000, 0x00000007c0000000)
  eden space 205824K, 100% used [0x0000000795580000,0x00000007a1e80000,0x00000007a1e80000)
  from space 3072K, 93% used [0x00000007a5f80000,0x00000007a624d9a0,0x00000007a6280000)
  to   space 8192K, 0% used [0x00000007a5280000,0x00000007a5280000,0x00000007a5a80000)
 ParOldGen       total 56320K, used 8265K [0x0000000740000000, 0x0000000743700000, 0x0000000795580000)
  object space 56320K, 14% used [0x0000000740000000,0x0000000740812690,0x0000000743700000)
 Metaspace       used 27018K, capacity 27382K, committed 27520K, reserved 1073152K
  class space    used 3319K, capacity 3442K, committed 3456K, reserved 1048576K
Event: 4.735 GC heap after
Heap after GC invocations=10 (full 1):
 PSYoungGen      total 267264K, used 8172K [0x0000000795580000, 0x00000007a7200000, 0x00000007c0000000)
  eden space 259072K, 0% used [0x0000000795580000,0x0000000795580000,0x00000007a5280000)
  from space 8192K, 99% used [0x00000007a5280000,0x00000007a5a7b240,0x00000007a5a80000)
  to   space 10240K, 0% used [0x00000007a6800000,0x00000007a6800000,0x00000007a7200000)
 ParOldGen       total 56320K, used 10384K [0x0000000740000000, 0x0000000743700000, 0x0000000795580000)
  object space 56320K, 18% used [0x0000000740000000,0x0000000740a242d8,0x0000000743700000)
 Metaspace       used 27018K, capacity 27382K, committed 27520K, reserved 1073152K
  class space    used 3319K, capacity 3442K, committed 3456K, reserved 1048576K
}
Event: 5.791 GC heap before
{Heap before GC invocations=11 (full 1):
 PSYoungGen      total 267264K, used 267244K [0x0000000795580000, 0x00000007a7200000, 0x00000007c0000000)
  eden space 259072K, 100% used [0x0000000795580000,0x00000007a5280000,0x00000007a5280000)
  from space 8192K, 99% used [0x00000007a5280000,0x00000007a5a7b240,0x00000007a5a80000)
  to   space 10240K, 0% used [0x00000007a6800000,0x00000007a6800000,0x00000007a7200000)
 ParOldGen       total 56320K, used 10384K [0x0000000740000000, 0x0000000743700000, 0x0000000795580000)
  object space 56320K, 18% used [0x0000000740000000,0x0000000740a242d8,0x0000000743700000)
 Metaspace       used 28848K, capacity 29164K, committed 29568K, reserved 1075200K
  class space    used 3560K, capacity 3643K, committed 3712K, reserved 1048576K
Event: 5.815 GC heap after
Heap after GC invocations=11 (full 1):
 PSYoungGen      total 278528K, used 10220K [0x0000000795580000, 0x00000007abd80000, 0x00000007c0000000)
  eden space 268288K, 0% used [0x0000000795580000,0x0000000795580000,0x00000007a5b80000)
  from space 10240K, 99% used [0x00000007a6800000,0x00000007a71fb240,0x00000007a7200000)
  to   space 12800K, 0% used [0x00000007a5b80000,0x00000007a5b80000,0x00000007a6800000)
 ParOldGen       total 56320K, used 12883K [0x0000000740000000, 0x0000000743700000, 0x0000000795580000)
  object space 56320K, 22% used [0x0000000740000000,0x0000000740c94d48,0x0000000743700000)
 Metaspace       used 28848K, capacity 29164K, committed 29568K, reserved 1075200K
  class space    used 3560K, capacity 3643K, committed 3712K, reserved 1048576K
}

Deoptimization events (10 events):
Event: 16.514 Thread 0x00007fca6f575800 Uncommon trap: reason=class_check action=maybe_recompile pc=0x00000001188a6b04 method=java.util.TreeMap.put(Ljava/lang/Object;Ljava/lang/Object;)Ljava/lang/Object; @ 127
Event: 16.515 Thread 0x00007fca6f575800 Uncommon trap: reason=class_check action=maybe_recompile pc=0x0000000118016110 method=java.lang.ThreadLocal$ThreadLocalMap.set(Ljava/lang/ThreadLocal;Ljava/lang/Object;)V @ 36
Event: 16.517 Thread 0x00007fca6f575800 Uncommon trap: reason=class_check action=maybe_recompile pc=0x00000001189bed74 method=java.lang.ThreadLocal$ThreadLocalMap.set(Ljava/lang/ThreadLocal;Ljava/lang/Object;)V @ 36
Event: 16.517 Thread 0x00007fca6f575800 Uncommon trap: reason=class_check action=maybe_recompile pc=0x0000000118016110 method=java.lang.ThreadLocal$ThreadLocalMap.set(Ljava/lang/ThreadLocal;Ljava/lang/Object;)V @ 36
Event: 16.518 Thread 0x00007fca6f575800 Uncommon trap: reason=class_check action=maybe_recompile pc=0x00000001189bed74 method=java.lang.ThreadLocal$ThreadLocalMap.set(Ljava/lang/ThreadLocal;Ljava/lang/Object;)V @ 36
Event: 16.518 Thread 0x00007fca6f575800 Uncommon trap: reason=class_check action=maybe_recompile pc=0x0000000118016110 method=java.lang.ThreadLocal$ThreadLocalMap.set(Ljava/lang/ThreadLocal;Ljava/lang/Object;)V @ 36
Event: 16.519 Thread 0x00007fca6f575800 Uncommon trap: reason=class_check action=maybe_recompile pc=0x00000001189c76f4 method=java.lang.ThreadLocal$ThreadLocalMap.set(Ljava/lang/ThreadLocal;Ljava/lang/Object;)V @ 36
Event: 574.773 Thread 0x00007fca6e16b000 Uncommon trap: reason=bimorphic action=maybe_recompile pc=0x0000000118842d58 method=java.lang.Throwable.<init>(Ljava/lang/String;Ljava/lang/Throwable;)V @ 24
Event: 583.345 Thread 0x00007fca7232e000 Uncommon trap: reason=bimorphic action=maybe_recompile pc=0x0000000118842d58 method=java.lang.Throwable.<init>(Ljava/lang/String;Ljava/lang/Throwable;)V @ 24
Event: 644.774 Thread 0x00007fca70cd3000 Uncommon trap: reason=bimorphic action=maybe_recompile pc=0x0000000118842d58 method=java.lang.Throwable.<init>(Ljava/lang/String;Ljava/lang/Throwable;)V @ 24

Internal exceptions (10 events):
Event: 2928.125 Thread 0x00007fca6f8cd800 Exception <a 'sun/security/smartcardio/PCSCException'> (0x000000079dd3ace0) thrown at [/Users/java_re/workspace/8-2-build-macosx-x86_64/jdk8u151/9699/hotspot/src/share/vm/prims/jni.cpp, line 709]
Event: 2928.125 Thread 0x00007fca70cd3000 Exception <a 'sun/security/smartcardio/PCSCException'> (0x000000079e0d4710) thrown at [/Users/java_re/workspace/8-2-build-macosx-x86_64/jdk8u151/9699/hotspot/src/share/vm/prims/jni.cpp, line 709]
Event: 2929.207 Thread 0x00007fca6f8cd800 Exception <a 'sun/security/smartcardio/PCSCException'> (0x000000079dd3b160) thrown at [/Users/java_re/workspace/8-2-build-macosx-x86_64/jdk8u151/9699/hotspot/src/share/vm/prims/jni.cpp, line 709]
Event: 2929.207 Thread 0x00007fca70cd3000 Exception <a 'sun/security/smartcardio/PCSCException'> (0x000000079e0d4b90) thrown at [/Users/java_re/workspace/8-2-build-macosx-x86_64/jdk8u151/9699/hotspot/src/share/vm/prims/jni.cpp, line 709]
Event: 2930.304 Thread 0x00007fca70cd3000 Exception <a 'sun/security/smartcardio/PCSCException'> (0x000000079e0d5010) thrown at [/Users/java_re/workspace/8-2-build-macosx-x86_64/jdk8u151/9699/hotspot/src/share/vm/prims/jni.cpp, line 709]
Event: 2930.304 Thread 0x00007fca6f8cd800 Exception <a 'sun/security/smartcardio/PCSCException'> (0x000000079dd3b5e0) thrown at [/Users/java_re/workspace/8-2-build-macosx-x86_64/jdk8u151/9699/hotspot/src/share/vm/prims/jni.cpp, line 709]
Event: 2931.406 Thread 0x00007fca70cd3000 Exception <a 'sun/security/smartcardio/PCSCException'> (0x000000079e0d5490) thrown at [/Users/java_re/workspace/8-2-build-macosx-x86_64/jdk8u151/9699/hotspot/src/share/vm/prims/jni.cpp, line 709]
Event: 2931.406 Thread 0x00007fca6f8cd800 Exception <a 'sun/security/smartcardio/PCSCException'> (0x000000079dd3ba60) thrown at [/Users/java_re/workspace/8-2-build-macosx-x86_64/jdk8u151/9699/hotspot/src/share/vm/prims/jni.cpp, line 709]
Event: 2932.504 Thread 0x00007fca70cd3000 Exception <a 'sun/security/smartcardio/PCSCException'> (0x000000079e0d5910) thrown at [/Users/java_re/workspace/8-2-build-macosx-x86_64/jdk8u151/9699/hotspot/src/share/vm/prims/jni.cpp, line 709]
Event: 2932.504 Thread 0x00007fca6f8cd800 Exception <a 'sun/security/smartcardio/PCSCException'> (0x000000079dd3bee0) thrown at [/Users/java_re/workspace/8-2-build-macosx-x86_64/jdk8u151/9699/hotspot/src/share/vm/prims/jni.cpp, line 709]

Events (10 events):
Event: 1350.787 Executing VM operation: RevokeBias
Event: 1350.787 Executing VM operation: RevokeBias done
Event: 1354.786 Executing VM operation: RevokeBias
Event: 1354.786 Executing VM operation: RevokeBias done
Event: 1354.786 Executing VM operation: RevokeBias
Event: 1354.786 Executing VM operation: RevokeBias done
Event: 1411.806 Executing VM operation: RevokeBias
Event: 1411.806 Executing VM operation: RevokeBias done
Event: 1411.806 Executing VM operation: RevokeBias
Event: 1411.806 Executing VM operation: RevokeBias done


Dynamic libraries:
0x000000000db05000 	/System/Library/Frameworks/Cocoa.framework/Versions/A/Cocoa
0x000000000db05000 	/System/Library/Frameworks/Security.framework/Versions/A/Security
0x000000000db05000 	/System/Library/Frameworks/ApplicationServices.framework/Versions/A/ApplicationServices
0x000000000db05000 	/usr/lib/libz.1.dylib
0x000000000db05000 	/usr/lib/libSystem.B.dylib
0x000000000db05000 	/usr/lib/libobjc.A.dylib
0x000000000db05000 	/System/Library/Frameworks/CoreFoundation.framework/Versions/A/CoreFoundation
0x000000000db05000 	/System/Library/Frameworks/Foundation.framework/Versions/C/Foundation
0x000000000db05000 	/System/Library/Frameworks/AppKit.framework/Versions/C/AppKit
0x000000000db05000 	/System/Library/Frameworks/CoreData.framework/Versions/A/CoreData
0x000000000db05000 	/System/Library/PrivateFrameworks/RemoteViewServices.framework/Versions/A/RemoteViewServices
0x000000000db05000 	/System/Library/PrivateFrameworks/UIFoundation.framework/Versions/A/UIFoundation
0x000000000db05000 	/System/Library/PrivateFrameworks/DFRFoundation.framework/Versions/A/DFRFoundation
0x000000000db05000 	/System/Library/Frameworks/Metal.framework/Versions/A/Metal
0x000000000db05000 	/System/Library/PrivateFrameworks/DesktopServicesPriv.framework/Versions/A/DesktopServicesPriv
0x000000000db05000 	/usr/lib/libenergytrace.dylib
0x000000000db05000 	/System/Library/PrivateFrameworks/SkyLight.framework/Versions/A/SkyLight
0x000000000db05000 	/System/Library/Frameworks/CoreGraphics.framework/Versions/A/CoreGraphics
0x000000000db05000 	/usr/lib/libScreenReader.dylib
0x000000000db05000 	/System/Library/Frameworks/Accelerate.framework/Versions/A/Accelerate
0x000000000db05000 	/System/Library/Frameworks/IOSurface.framework/Versions/A/IOSurface
0x000000000db05000 	/System/Library/Frameworks/AudioToolbox.framework/Versions/A/AudioToolbox
0x000000000db05000 	/System/Library/Frameworks/AudioUnit.framework/Versions/A/AudioUnit
0x000000000db05000 	/System/Library/PrivateFrameworks/DataDetectorsCore.framework/Versions/A/DataDetectorsCore
0x000000000db05000 	/System/Library/Frameworks/Carbon.framework/Versions/A/Frameworks/HIToolbox.framework/Versions/A/HIToolbox
0x000000000db05000 	/usr/lib/libicucore.A.dylib
0x000000000db05000 	/System/Library/Frameworks/QuartzCore.framework/Versions/A/QuartzCore
0x000000000db05000 	/System/Library/PrivateFrameworks/SignpostNotification.framework/Versions/A/SignpostNotification
0x000000000db05000 	/System/Library/Frameworks/Carbon.framework/Versions/A/Frameworks/SpeechRecognition.framework/Versions/A/SpeechRecognition
0x000000000db05000 	/usr/lib/libauto.dylib
0x000000000db05000 	/usr/lib/libxml2.2.dylib
0x000000000db05000 	/System/Library/PrivateFrameworks/CoreUI.framework/Versions/A/CoreUI
0x000000000db05000 	/System/Library/Frameworks/CoreAudio.framework/Versions/A/CoreAudio
0x000000000db05000 	/System/Library/Frameworks/DiskArbitration.framework/Versions/A/DiskArbitration
0x000000000db05000 	/usr/lib/liblangid.dylib
0x000000000db05000 	/System/Library/PrivateFrameworks/MultitouchSupport.framework/Versions/A/MultitouchSupport
0x000000000db05000 	/System/Library/Frameworks/IOKit.framework/Versions/A/IOKit
0x000000000db05000 	/usr/lib/libDiagnosticMessagesClient.dylib
0x000000000db05000 	/System/Library/Frameworks/CoreServices.framework/Versions/A/CoreServices
0x000000000db05000 	/System/Library/PrivateFrameworks/PerformanceAnalysis.framework/Versions/A/PerformanceAnalysis
0x000000000db05000 	/System/Library/Frameworks/OpenGL.framework/Versions/A/OpenGL
0x000000000db05000 	/System/Library/Frameworks/ColorSync.framework/Versions/A/ColorSync
0x000000000db05000 	/System/Library/Frameworks/CoreImage.framework/Versions/A/CoreImage
0x000000000db05000 	/System/Library/Frameworks/CoreText.framework/Versions/A/CoreText
0x000000000db05000 	/System/Library/Frameworks/ImageIO.framework/Versions/A/ImageIO
0x000000000db05000 	/System/Library/PrivateFrameworks/Backup.framework/Versions/A/Backup
0x000000000db05000 	/usr/lib/libarchive.2.dylib
0x000000000db05000 	/System/Library/Frameworks/CFNetwork.framework/Versions/A/CFNetwork
0x000000000db05000 	/System/Library/Frameworks/SystemConfiguration.framework/Versions/A/SystemConfiguration
0x000000000db05000 	/usr/lib/libCRFSuite.dylib
0x000000000db05000 	/usr/lib/libc++.1.dylib
0x000000000db05000 	/usr/lib/libc++abi.dylib
0x000000000db05000 	/usr/lib/system/libcache.dylib
0x000000000db05000 	/usr/lib/system/libcommonCrypto.dylib
0x000000000db05000 	/usr/lib/system/libcompiler_rt.dylib
0x000000000db05000 	/usr/lib/system/libcopyfile.dylib
0x000000000db05000 	/usr/lib/system/libcorecrypto.dylib
0x000000000db05000 	/usr/lib/system/libdispatch.dylib
0x000000000db05000 	/usr/lib/system/libdyld.dylib
0x000000000db05000 	/usr/lib/system/libkeymgr.dylib
0x000000000db05000 	/usr/lib/system/liblaunch.dylib
0x000000000db05000 	/usr/lib/system/libmacho.dylib
0x000000000db05000 	/usr/lib/system/libquarantine.dylib
0x000000000db05000 	/usr/lib/system/libremovefile.dylib
0x000000000db05000 	/usr/lib/system/libsystem_asl.dylib
0x000000000db05000 	/usr/lib/system/libsystem_blocks.dylib
0x000000000db05000 	/usr/lib/system/libsystem_c.dylib
0x000000000db05000 	/usr/lib/system/libsystem_configuration.dylib
0x000000000db05000 	/usr/lib/system/libsystem_coreservices.dylib
0x000000000db05000 	/usr/lib/system/libsystem_darwin.dylib
0x000000000db05000 	/usr/lib/system/libsystem_dnssd.dylib
0x000000000db05000 	/usr/lib/system/libsystem_info.dylib
0x000000000db05000 	/usr/lib/system/libsystem_m.dylib
0x000000000db05000 	/usr/lib/system/libsystem_malloc.dylib
0x000000000db05000 	/usr/lib/system/libsystem_network.dylib
0x000000000db05000 	/usr/lib/system/libsystem_networkextension.dylib
0x000000000db05000 	/usr/lib/system/libsystem_notify.dylib
0x000000000db05000 	/usr/lib/system/libsystem_sandbox.dylib
0x000000000db05000 	/usr/lib/system/libsystem_secinit.dylib
0x000000000db05000 	/usr/lib/system/libsystem_kernel.dylib
0x000000000db05000 	/usr/lib/system/libsystem_platform.dylib
0x000000000db05000 	/usr/lib/system/libsystem_pthread.dylib
0x000000000db05000 	/usr/lib/system/libsystem_symptoms.dylib
0x000000000db05000 	/usr/lib/system/libsystem_trace.dylib
0x000000000db05000 	/usr/lib/system/libunwind.dylib
0x000000000db05000 	/usr/lib/system/libxpc.dylib
0x000000000db05000 	/usr/lib/closure/libclosured.dylib
0x000000000db05000 	/usr/lib/libbsm.0.dylib
0x000000000db05000 	/usr/lib/system/libkxld.dylib
0x000000000db05000 	/usr/lib/libOpenScriptingUtil.dylib
0x000000000db05000 	/usr/lib/libcoretls.dylib
0x000000000db05000 	/usr/lib/libcoretls_cfhelpers.dylib
0x000000000db05000 	/usr/lib/libpam.2.dylib
0x000000000db05000 	/usr/lib/libsqlite3.dylib
0x000000000db05000 	/usr/lib/libxar.1.dylib
0x000000000db05000 	/usr/lib/libbz2.1.0.dylib
0x000000000db05000 	/usr/lib/liblzma.5.dylib
0x000000000db05000 	/usr/lib/libnetwork.dylib
0x000000000db05000 	/usr/lib/libapple_nghttp2.dylib
0x000000000db05000 	/usr/lib/libpcap.A.dylib
0x000000000db05000 	/usr/lib/libboringssl.dylib
0x000000000db05000 	/usr/lib/libusrtcp.dylib
0x000000000db05000 	/usr/lib/libapple_crypto.dylib
0x000000000db05000 	/System/Library/Frameworks/CoreServices.framework/Versions/A/Frameworks/FSEvents.framework/Versions/A/FSEvents
0x000000000db05000 	/System/Library/Frameworks/CoreServices.framework/Versions/A/Frameworks/CarbonCore.framework/Versions/A/CarbonCore
0x000000000db05000 	/System/Library/Frameworks/CoreServices.framework/Versions/A/Frameworks/Metadata.framework/Versions/A/Metadata
0x000000000db05000 	/System/Library/Frameworks/CoreServices.framework/Versions/A/Frameworks/OSServices.framework/Versions/A/OSServices
0x000000000db05000 	/System/Library/Frameworks/CoreServices.framework/Versions/A/Frameworks/SearchKit.framework/Versions/A/SearchKit
0x000000000db05000 	/System/Library/Frameworks/CoreServices.framework/Versions/A/Frameworks/AE.framework/Versions/A/AE
0x000000000db05000 	/System/Library/Frameworks/CoreServices.framework/Versions/A/Frameworks/LaunchServices.framework/Versions/A/LaunchServices
0x000000000db05000 	/System/Library/Frameworks/CoreServices.framework/Versions/A/Frameworks/DictionaryServices.framework/Versions/A/DictionaryServices
0x000000000db05000 	/System/Library/Frameworks/CoreServices.framework/Versions/A/Frameworks/SharedFileList.framework/Versions/A/SharedFileList
0x000000000db05000 	/System/Library/Frameworks/NetFS.framework/Versions/A/NetFS
0x000000000db05000 	/System/Library/PrivateFrameworks/NetAuth.framework/Versions/A/NetAuth
0x000000000db05000 	/System/Library/PrivateFrameworks/login.framework/Versions/A/Frameworks/loginsupport.framework/Versions/A/loginsupport
0x000000000db05000 	/System/Library/PrivateFrameworks/TCC.framework/Versions/A/TCC
0x000000000db05000 	/usr/lib/libmecabra.dylib
0x000000000db05000 	/System/Library/Frameworks/ApplicationServices.framework/Versions/A/Frameworks/ATS.framework/Versions/A/ATS
0x000000000db05000 	/System/Library/Frameworks/ApplicationServices.framework/Versions/A/Frameworks/ColorSyncLegacy.framework/Versions/A/ColorSyncLegacy
0x000000000db05000 	/System/Library/Frameworks/ApplicationServices.framework/Versions/A/Frameworks/HIServices.framework/Versions/A/HIServices
0x000000000db05000 	/System/Library/Frameworks/ApplicationServices.framework/Versions/A/Frameworks/LangAnalysis.framework/Versions/A/LangAnalysis
0x000000000db05000 	/System/Library/Frameworks/ApplicationServices.framework/Versions/A/Frameworks/PrintCore.framework/Versions/A/PrintCore
0x000000000db05000 	/System/Library/Frameworks/ApplicationServices.framework/Versions/A/Frameworks/QD.framework/Versions/A/QD
0x000000000db05000 	/System/Library/Frameworks/ApplicationServices.framework/Versions/A/Frameworks/SpeechSynthesis.framework/Versions/A/SpeechSynthesis
0x000000000db05000 	/System/Library/Frameworks/CoreDisplay.framework/Versions/A/CoreDisplay
0x000000000db05000 	/System/Library/Frameworks/Accelerate.framework/Versions/A/Frameworks/vImage.framework/Versions/A/vImage
0x000000000db05000 	/System/Library/Frameworks/Accelerate.framework/Versions/A/Frameworks/vecLib.framework/Versions/A/vecLib
0x000000000db05000 	/System/Library/Frameworks/Accelerate.framework/Versions/A/Frameworks/vecLib.framework/Versions/A/libvDSP.dylib
0x000000000db05000 	/System/Library/Frameworks/Accelerate.framework/Versions/A/Frameworks/vecLib.framework/Versions/A/libBNNS.dylib
0x000000000db05000 	/System/Library/Frameworks/Accelerate.framework/Versions/A/Frameworks/vecLib.framework/Versions/A/libQuadrature.dylib
0x000000000db05000 	/System/Library/Frameworks/Accelerate.framework/Versions/A/Frameworks/vecLib.framework/Versions/A/libvMisc.dylib
0x000000000db05000 	/System/Library/Frameworks/Accelerate.framework/Versions/A/Frameworks/vecLib.framework/Versions/A/libLAPACK.dylib
0x000000000db05000 	/System/Library/Frameworks/Accelerate.framework/Versions/A/Frameworks/vecLib.framework/Versions/A/libBLAS.dylib
0x000000000db05000 	/System/Library/Frameworks/Accelerate.framework/Versions/A/Frameworks/vecLib.framework/Versions/A/libLinearAlgebra.dylib
0x000000000db05000 	/System/Library/Frameworks/Accelerate.framework/Versions/A/Frameworks/vecLib.framework/Versions/A/libSparse.dylib
0x000000000db05000 	/System/Library/Frameworks/Accelerate.framework/Versions/A/Frameworks/vecLib.framework/Versions/A/libSparseBLAS.dylib
0x000000000db05000 	/System/Library/PrivateFrameworks/GPUWrangler.framework/Versions/A/GPUWrangler
0x000000000db05000 	/System/Library/PrivateFrameworks/IOAccelerator.framework/Versions/A/IOAccelerator
0x000000000db05000 	/System/Library/PrivateFrameworks/IOPresentment.framework/Versions/A/IOPresentment
0x000000000db05000 	/System/Library/PrivateFrameworks/DSExternalDisplay.framework/Versions/A/DSExternalDisplay
0x000000000db05000 	/System/Library/Frameworks/OpenGL.framework/Versions/A/Libraries/libCoreFSCache.dylib
0x000000000db05000 	/System/Library/Frameworks/CoreVideo.framework/Versions/A/CoreVideo
0x000000000db05000 	/System/Library/PrivateFrameworks/GraphVisualizer.framework/Versions/A/GraphVisualizer
0x000000000db05000 	/System/Library/Frameworks/MetalPerformanceShaders.framework/Versions/A/MetalPerformanceShaders
0x000000000db05000 	/usr/lib/libFosl_dynamic.dylib
0x000000000db05000 	/System/Library/PrivateFrameworks/FaceCore.framework/Versions/A/FaceCore
0x000000000db05000 	/System/Library/Frameworks/OpenCL.framework/Versions/A/OpenCL
0x000000000db05000 	/usr/lib/libcompression.dylib
0x000000000db05000 	/System/Library/Frameworks/ApplicationServices.framework/Versions/A/Frameworks/ATS.framework/Versions/A/Resources/libFontParser.dylib
0x000000000db05000 	/System/Library/Frameworks/ApplicationServices.framework/Versions/A/Frameworks/ATS.framework/Versions/A/Resources/libFontRegistry.dylib
0x000000000db05000 	/System/Library/Frameworks/ImageIO.framework/Versions/A/Resources/libJPEG.dylib
0x000000000db05000 	/System/Library/Frameworks/ImageIO.framework/Versions/A/Resources/libTIFF.dylib
0x000000000db05000 	/System/Library/Frameworks/ImageIO.framework/Versions/A/Resources/libPng.dylib
0x000000000db05000 	/System/Library/Frameworks/ImageIO.framework/Versions/A/Resources/libGIF.dylib
0x000000000db05000 	/System/Library/Frameworks/ImageIO.framework/Versions/A/Resources/libJP2.dylib
0x000000000db05000 	/System/Library/Frameworks/ImageIO.framework/Versions/A/Resources/libRadiance.dylib
0x000000000db05000 	/System/Library/PrivateFrameworks/AppleJPEG.framework/Versions/A/AppleJPEG
0x000000000db05000 	/System/Library/Frameworks/MetalPerformanceShaders.framework/Frameworks/MPSCore.framework/Versions/A/MPSCore
0x000000000db05000 	/System/Library/Frameworks/MetalPerformanceShaders.framework/Frameworks/MPSImage.framework/Versions/A/MPSImage
0x000000000db05000 	/System/Library/Frameworks/MetalPerformanceShaders.framework/Frameworks/MPSNeuralNetwork.framework/Versions/A/MPSNeuralNetwork
0x000000000db05000 	/System/Library/Frameworks/MetalPerformanceShaders.framework/Frameworks/MPSMatrix.framework/Versions/A/MPSMatrix
0x000000000db05000 	/System/Library/PrivateFrameworks/MetalTools.framework/Versions/A/MetalTools
0x000000000db05000 	/System/Library/Frameworks/OpenGL.framework/Versions/A/Libraries/libGLU.dylib
0x000000000db05000 	/System/Library/Frameworks/OpenGL.framework/Versions/A/Libraries/libGFXShared.dylib
0x000000000db05000 	/System/Library/Frameworks/OpenGL.framework/Versions/A/Libraries/libGL.dylib
0x000000000db05000 	/System/Library/Frameworks/OpenGL.framework/Versions/A/Libraries/libGLImage.dylib
0x000000000db05000 	/System/Library/Frameworks/OpenGL.framework/Versions/A/Libraries/libCVMSPluginSupport.dylib
0x000000000db05000 	/System/Library/Frameworks/OpenGL.framework/Versions/A/Libraries/libCoreVMClient.dylib
0x000000000db05000 	/usr/lib/libcups.2.dylib
0x000000000db05000 	/System/Library/Frameworks/Kerberos.framework/Versions/A/Kerberos
0x000000000db05000 	/System/Library/Frameworks/GSS.framework/Versions/A/GSS
0x000000000db05000 	/usr/lib/libresolv.9.dylib
0x000000000db05000 	/usr/lib/libiconv.2.dylib
0x000000000db05000 	/System/Library/PrivateFrameworks/Heimdal.framework/Versions/A/Heimdal
0x000000000db05000 	/usr/lib/libheimdal-asn1.dylib
0x000000000db05000 	/System/Library/Frameworks/OpenDirectory.framework/Versions/A/OpenDirectory
0x000000000db05000 	/System/Library/PrivateFrameworks/CommonAuth.framework/Versions/A/CommonAuth
0x000000000db05000 	/System/Library/Frameworks/OpenDirectory.framework/Versions/A/Frameworks/CFOpenDirectory.framework/Versions/A/CFOpenDirectory
0x000000000db05000 	/System/Library/Frameworks/SecurityFoundation.framework/Versions/A/SecurityFoundation
0x000000000db05000 	/System/Library/PrivateFrameworks/APFS.framework/Versions/A/APFS
0x000000000db05000 	/usr/lib/libutil.dylib
0x000000000db05000 	/System/Library/PrivateFrameworks/AppleSauce.framework/Versions/A/AppleSauce
0x000000000db05000 	/System/Library/PrivateFrameworks/LinguisticData.framework/Versions/A/LinguisticData
0x000000000db05000 	/usr/lib/libmarisa.dylib
0x000000000db05000 	/System/Library/PrivateFrameworks/Lexicon.framework/Versions/A/Lexicon
0x000000000db05000 	/usr/lib/libChineseTokenizer.dylib
0x000000000db05000 	/usr/lib/libcmph.dylib
0x000000000db05000 	/System/Library/PrivateFrameworks/LanguageModeling.framework/Versions/A/LanguageModeling
0x000000000db05000 	/System/Library/PrivateFrameworks/CoreEmoji.framework/Versions/A/CoreEmoji
0x000000000db05000 	/System/Library/Frameworks/ServiceManagement.framework/Versions/A/ServiceManagement
0x000000000db05000 	/System/Library/PrivateFrameworks/BackgroundTaskManagement.framework/Versions/A/BackgroundTaskManagement
0x000000000db05000 	/usr/lib/libxslt.1.dylib
0x000000000db05000 	/System/Library/Frameworks/Carbon.framework/Versions/A/Frameworks/Ink.framework/Versions/A/Ink
0x000000000db05000 	/System/Library/PrivateFrameworks/TextureIO.framework/Versions/A/TextureIO
0x000000000db05000 	/usr/lib/libate.dylib
0x000000000db05000 	/System/Library/PrivateFrameworks/CrashReporterSupport.framework/Versions/A/CrashReporterSupport
0x000000000db05000 	/System/Library/PrivateFrameworks/Sharing.framework/Versions/A/Sharing
0x000000000db05000 	/System/Library/PrivateFrameworks/IconServices.framework/Versions/A/IconServices
0x000000000db05000 	/System/Library/PrivateFrameworks/AuthKit.framework/Versions/A/AuthKit
0x000000000db05000 	/System/Library/PrivateFrameworks/Apple80211.framework/Versions/A/Apple80211
0x000000000db05000 	/System/Library/PrivateFrameworks/CoreUtils.framework/Versions/A/CoreUtils
0x000000000db05000 	/System/Library/Frameworks/CoreWLAN.framework/Versions/A/CoreWLAN
0x000000000db05000 	/System/Library/Frameworks/IOBluetooth.framework/Versions/A/IOBluetooth
0x000000000db05000 	/System/Library/PrivateFrameworks/ProtocolBuffer.framework/Versions/A/ProtocolBuffer
0x000000000db05000 	/System/Library/PrivateFrameworks/MobileKeyBag.framework/Versions/A/MobileKeyBag
0x000000000db05000 	/System/Library/PrivateFrameworks/CorePhoneNumbers.framework/Versions/A/CorePhoneNumbers
0x000000000db05000 	/System/Library/PrivateFrameworks/AppleIDAuthSupport.framework/Versions/A/AppleIDAuthSupport
0x000000000db05000 	/System/Library/PrivateFrameworks/KeychainCircle.framework/Versions/A/KeychainCircle
0x000000000db05000 	/System/Library/PrivateFrameworks/CoreWiFi.framework/Versions/A/CoreWiFi
0x000000000db05000 	/System/Library/Frameworks/CoreBluetooth.framework/Versions/A/CoreBluetooth
0x000000000db05000 	/System/Library/PrivateFrameworks/DebugSymbols.framework/Versions/A/DebugSymbols
0x000000000db05000 	/System/Library/PrivateFrameworks/CoreSymbolication.framework/Versions/A/CoreSymbolication
0x000000000db05000 	/System/Library/PrivateFrameworks/Symbolication.framework/Versions/A/Symbolication
0x000000000db05000 	/System/Library/PrivateFrameworks/AppleFSCompression.framework/Versions/A/AppleFSCompression
0x000000000db05000 	/System/Library/PrivateFrameworks/SpeechRecognitionCore.framework/Versions/A/SpeechRecognitionCore
0x000000010b000000 	/Library/Java/JavaVirtualMachines/jdk1.8.0_151.jdk/Contents/Home/jre/lib/server/libjvm.dylib
0x000000000db05000 	/usr/lib/libstdc++.6.0.9.dylib
0x000000010a64c000 	/Library/Java/JavaVirtualMachines/jdk1.8.0_151.jdk/Contents/Home/jre/lib/libverify.dylib
0x000000010a65a000 	/Library/Java/JavaVirtualMachines/jdk1.8.0_151.jdk/Contents/Home/jre/lib/libjava.dylib
0x000000010a6d9000 	/Library/Java/JavaVirtualMachines/jdk1.8.0_151.jdk/Contents/Home/jre/lib/libzip.dylib
0x000000000db05000 	/System/Library/Frameworks/JavaVM.framework/Versions/A/Frameworks/JavaRuntimeSupport.framework/Versions/A/JavaRuntimeSupport
0x000000000db05000 	/System/Library/Frameworks/JavaVM.framework/Versions/A/Frameworks/JavaNativeFoundation.framework/Versions/A/JavaNativeFoundation
0x000000000db05000 	/System/Library/Frameworks/JavaVM.framework/Versions/A/JavaVM
0x000000000db05000 	/System/Library/Frameworks/Carbon.framework/Versions/A/Carbon
0x000000000db05000 	/System/Library/PrivateFrameworks/JavaLaunching.framework/Versions/A/JavaLaunching
0x000000000db05000 	/System/Library/Frameworks/Carbon.framework/Versions/A/Frameworks/CommonPanels.framework/Versions/A/CommonPanels
0x000000000db05000 	/System/Library/Frameworks/Carbon.framework/Versions/A/Frameworks/Help.framework/Versions/A/Help
0x000000000db05000 	/System/Library/Frameworks/Carbon.framework/Versions/A/Frameworks/ImageCapture.framework/Versions/A/ImageCapture
0x000000000db05000 	/System/Library/Frameworks/Carbon.framework/Versions/A/Frameworks/OpenScripting.framework/Versions/A/OpenScripting
0x000000000db05000 	/System/Library/Frameworks/Carbon.framework/Versions/A/Frameworks/Print.framework/Versions/A/Print
0x000000000db05000 	/System/Library/Frameworks/Carbon.framework/Versions/A/Frameworks/SecurityHI.framework/Versions/A/SecurityHI
0x0000000114232000 	/Library/Java/JavaVirtualMachines/jdk1.8.0_151.jdk/Contents/Home/jre/lib/libmanagement.dylib
0x0000000114240000 	/Library/Java/JavaVirtualMachines/jdk1.8.0_151.jdk/Contents/Home/jre/lib/libnet.dylib
0x00000001141d9000 	/Library/Java/JavaVirtualMachines/jdk1.8.0_151.jdk/Contents/Home/jre/lib/libnio.dylib
0x0000000114257000 	/Library/Java/JavaVirtualMachines/jdk1.8.0_151.jdk/Contents/Home/jre/lib/libsunec.dylib
0x00000001141ca000 	/Library/Java/JavaVirtualMachines/jdk1.8.0_151.jdk/Contents/Home/jre/lib/libj2pcsc.dylib
0x000000000db05000 	/System/Library/Frameworks/PCSC.framework/Versions/A/PCSC

VM Arguments:
java_command: sw-adapter/target/sw-adapter-0.0.1-SNAPSHOT.jar
java_class_path (initial): sw-adapter/target/sw-adapter-0.0.1-SNAPSHOT.jar
Launcher Type: SUN_STANDARD

Environment Variables:
JAVA_HOME=/Library/Java/JavaVirtualMachines/jdk1.8.0_151.jdk/Contents/Home
PATH=/Users/lalittanwar/anaconda2/bin:/Users/lalittanwar/.pyenv/shims:/Users/lalittanwar/Projects/apache-maven/bin:/Users/lalittanwar/.pyenv/bin:/usr/local/opt/python/libexec/bin:/usr/local/sbin:/usr/local/bin:/usr/bin:/bin:/usr/sbin:/sbin:/opt/X11/bin:/Users/lalittanwar/Library/Android/sdk//tools:/Users/lalittanwar/Library/Android/sdk//platform-tools
SHELL=/bin/bash
DISPLAY=/private/tmp/com.apple.launchd.5QPxZIv2Sa/org.macosforge.xquartz:0

Signal Handlers:
SIGSEGV: [libjvm.dylib+0x5b27a5], sa_mask[0]=11111111011111110111111111111111, sa_flags=SA_ONSTACK|SA_RESTART|SA_SIGINFO
SIGBUS: [libjvm.dylib+0x5b27a5], sa_mask[0]=11111111011111110111111111111111, sa_flags=SA_RESTART|SA_SIGINFO
SIGFPE: [libjvm.dylib+0x4891c4], sa_mask[0]=11111111011111110111111111111111, sa_flags=SA_RESTART|SA_SIGINFO
SIGPIPE: [libjvm.dylib+0x4891c4], sa_mask[0]=11111111011111110111111111111111, sa_flags=SA_RESTART|SA_SIGINFO
SIGXFSZ: [libjvm.dylib+0x4891c4], sa_mask[0]=11111111011111110111111111111111, sa_flags=SA_RESTART|SA_SIGINFO
SIGILL: [libjvm.dylib+0x4891c4], sa_mask[0]=11111111011111110111111111111111, sa_flags=SA_RESTART|SA_SIGINFO
SIGUSR1: SIG_DFL, sa_mask[0]=11011111011111100000000111000110, sa_flags=none
SIGUSR2: [libjvm.dylib+0x488ce2], sa_mask[0]=00000000000000000000000000000000, sa_flags=SA_RESTART|SA_SIGINFO
SIGHUP: [libjvm.dylib+0x4872b9], sa_mask[0]=11111111011111110111111111111111, sa_flags=SA_RESTART|SA_SIGINFO
SIGINT: [libjvm.dylib+0x4872b9], sa_mask[0]=11111111011111110111111111111111, sa_flags=SA_RESTART|SA_SIGINFO
SIGTERM: [libjvm.dylib+0x4872b9], sa_mask[0]=11111111011111110111111111111111, sa_flags=SA_RESTART|SA_SIGINFO
SIGQUIT: [libjvm.dylib+0x4872b9], sa_mask[0]=11111111011111110111111111111111, sa_flags=SA_RESTART|SA_SIGINFO


---------------  S Y S T E M  ---------------

OS:Bsduname:Darwin 17.7.0 Darwin Kernel Version 17.7.0: Thu Jun 21 22:53:14 PDT 2018; root:xnu-4570.71.2~1/RELEASE_X86_64 x86_64
rlimit: STACK 8192k, CORE 0k, NPROC 709, NOFILE 10240, AS infinity
load average:3.39 2.73 2.40

CPU:total 4 (initial active 4) (2 cores per cpu, 2 threads per core) family 6 model 61 stepping 4, cmov, cx8, fxsr, mmx, sse, sse2, sse3, ssse3, sse4.1, sse4.2, popcnt, avx, avx2, aes, clmul, erms, rtm, 3dnowpref, lzcnt, ht, tsc, tscinvbit, bmi1, bmi2, adx

Memory: 4k page, physical 8388608k(26372k free)

/proc/meminfo:


vm_info: Java HotSpot(TM) 64-Bit Server VM (25.151-b12) for bsd-amd64 JRE (1.8.0_151-b12), built on Sep  5 2017 19:37:08 by "java_re" with gcc 4.2.1 (Based on Apple Inc. build 5658) (LLVM build 2336.11.00)

time: Sun Oct 14 15:43:19 2018
elapsed time: 2932 seconds (0d 0h 48m 52s)

