#
# A fatal error has been detected by the Java Runtime Environment:
#
#  SIGILL (0x4) at pc=0x00007fff5d4adc74, pid=18733, tid=0x000000000000943f
#
# JRE version: Java(TM) SE Runtime Environment (8.0_151-b12) (build 1.8.0_151-b12)
# Java VM: Java HotSpot(TM) 64-Bit Server VM (25.151-b12 mixed mode bsd-amd64 compressed oops)
# Problematic frame:
# C  [libdispatch.dylib+0x1c74]  _os_object_release+0x31
#
# Failed to write core dump. Core dumps have been disabled. To enable core dumping, try "ulimit -c unlimited" before starting Java again
#
# If you would like to submit a bug report, please visit:
#   http://bugreport.java.com/bugreport/crash.jsp
# The crash happened outside the Java Virtual Machine in native code.
# See problematic frame for where to report the bug.
#

---------------  T H R E A D  ---------------

Current thread (0x00007ff8ea0c3000):  JavaThread "Thread-5" daemon [_thread_in_native, id=37951, stack(0x0000700010b26000,0x0000700010c26000)]

siginfo: si_signo: 4 (SIGILL), si_code: 1 (ILL_ILLOPC), si_addr: 0x00007fff5d4adc74

Registers:
RAX=0x00007ff8ec0f440c, RBX=0x00007ff8ec0f4420, RCX=0x00007fff5d4d9cbb, RDX=0x000000017c99f458
RSP=0x0000700010c25298, RBP=0x0000700010c252b0, RSI=0x00007ff8ec0f4445, RDI=0x00007ff8ec0f4400
R8 =0x0000000000000000, R9 =0x0000000000000001, R10=0x00000000c0000000, R11=0x00007ff8e9d00000
R12=0x00007ff8ec0f4400, R13=0x00007fff3fd8128a, R14=0x00007ff8ec0e82d0, R15=0x00007ff8e9dc9bc0
RIP=0x00007fff5d4adc74, EFLAGS=0x0000000000010286, ERR=0x0000000000000000
  TRAPNO=0x0000000000000006

Top of Stack: (sp=0x0000700010c25298)
0x0000700010c25298:   00007fff5d8361db 0000000000000000
0x0000700010c252a8:   00007ff8ec0f4420 0000700010c253d0
0x0000700010c252b8:   00007fff5d8334d0 0000700010c253e0
0x0000700010c252c8:   000000010b8a5400 000000010b8a1000
0x0000700010c252d8:   0000000000000010 0000000110c25320
0x0000700010c252e8:   0000000000000001 0000000000000020
0x0000700010c252f8:   00000000000001cc 00007fff95fea000
0x0000700010c25308:   0000000000000020 0000700010c25340
0x0000700010c25318:   00007fff5d691c7c 00007fff960085e8
0x0000700010c25328:   00007ff8e9d012b4 0000000080880000
0x0000700010c25338:   00007ffffffffff8 0000700010c25360
0x0000700010c25348:   00007fff5d69258e 0000000000000020
0x0000700010c25358:   00007fff960085e8 0000700010c25390
0x0000700010c25368:   00007fff5c8bfcea 0000000000000018
0x0000700010c25378:   0000700010c25500 00007fff960085e8
0x0000700010c25388:   00007ff8ec0e82d0 00007ff8ec0e8348
0x0000700010c25398:   0000000000000000 00000000000001cc
0x0000700010c253a8:   00007ff8e9dc9bc0 0000700010c25500
0x0000700010c253b8:   00000000000001cc 00007fff3fd8128a
0x0000700010c253c8:   00007ff8ec0e82d0 0000700010c25400
0x0000700010c253d8:   00007fff5d836937 0000000000000000
0x0000700010c253e8:   00000000000001cc 00007ff8ec0e82d0
0x0000700010c253f8:   00007fff3fd8116e 0000700010c25440
0x0000700010c25408:   00007fff3fd793cb 0000700010c254c0
0x0000700010c25418:   00007ff8e9dc8a90 0000700010c25500
0x0000700010c25428:   0000700010c255a8 0000700010c25664
0x0000700010c25438:   0000000000000009 0000700010c25550
0x0000700010c25448:   00007fff3fd785bb 000000010b8a1000
0x0000700010c25458:   00007fff95fd4060 0000000042000000
0x0000700010c25468:   00007fff3fd7accc 00007fff90b48640
0x0000700010c25478:   0000700010c254a0 0000700010c254c0
0x0000700010c25488:   0000700010c25664 0000700010c25510 

Instructions: (pc=0x00007fff5d4adc74)
0x00007fff5d4adc54:   ff ff f0 0f c1 08 85 c9 7e 01 c3 75 05 e9 5e 0a
0x00007fff5d4adc64:   00 00 48 8d 0d 4e c0 02 00 48 89 0d a4 7e b1 38
0x00007fff5d4adc74:   0f 0b 55 48 89 e5 41 56 53 49 89 f6 48 89 fb 48
0x00007fff5d4adc84:   85 db 74 0d 48 89 de 48 83 c6 40 73 0f 31 c0 eb 

Register to memory mapping:

RAX=0x00007ff8ec0f440c is an unknown value
RBX=0x00007ff8ec0f4420 is an unknown value
RCX=0x00007fff5d4d9cbb: __libdispatchVersionNumber+0x483 in /usr/lib/system/libdispatch.dylib at 0x00007fff5d4ac000
RDX=0x000000017c99f458 is an unknown value
RSP=0x0000700010c25298 is pointing into the stack for thread: 0x00007ff8ea0c3000
RBP=0x0000700010c252b0 is pointing into the stack for thread: 0x00007ff8ea0c3000
RSI=0x00007ff8ec0f4445 is an unknown value
RDI=0x00007ff8ec0f4400 is an unknown value
R8 =0x0000000000000000 is an unknown value
R9 =0x0000000000000001 is an unknown value
R10=0x00000000c0000000 is an unknown value
R11=0x00007ff8e9d00000 is an unknown value
R12=0x00007ff8ec0f4400 is an unknown value
R13=0x00007fff3fd8128a: DebugLogCategory+0x6ad in /System/Library/Frameworks/PCSC.framework/Versions/A/PCSC at 0x00007fff3fd77000
R14=0x00007ff8ec0e82d0 is an unknown value
R15=0x00007ff8e9dc9bc0 is an unknown value


Stack: [0x0000700010b26000,0x0000700010c26000],  sp=0x0000700010c25298,  free space=1020k
Native frames: (J=compiled Java code, j=interpreted, Vv=VM code, C=native code)
C  [libdispatch.dylib+0x1c74]  _os_object_release+0x31
C  [libxpc.dylib+0x24d0]  _xpc_dictionary_insert+0xa4
C  [libxpc.dylib+0x5937]  xpc_dictionary_set_int64+0x29
C  [PCSC+0x23cb]  new_handle+0x7e
C  [PCSC+0x15bb]  transact+0x1c8
C  [PCSC+0x199a]  SCardGetStatusChange+0x153
C  [libj2pcsc.dylib+0x1282]  Java_sun_security_smartcardio_PCSC_SCardGetStatusChange+0x1aa
J 2823  sun.security.smartcardio.PCSC.SCardGetStatusChange(JJ[I[Ljava/lang/String;)[I (0 bytes) @ 0x0000000117858666 [0x0000000117858580+0xe6]
J 2851 C1 sun.security.smartcardio.TerminalImpl.isCardPresent()Z (54 bytes) @ 0x0000000117863b6c [0x00000001178639a0+0x1cc]
j  pacicardlibrary.JavaIOCardAndReaderEvent.CheckForTerminalChanges()V+879
j  pacicardlibrary.JavaIOCardAndReaderEvent$1.run()V+4
j  java.lang.Thread.run()V+11
v  ~StubRoutines::call_stub
V  [libjvm.dylib+0x2ee9aa]  JavaCalls::call_helper(JavaValue*, methodHandle*, JavaCallArguments*, Thread*)+0x6ae
V  [libjvm.dylib+0x2ef14e]  JavaCalls::call_virtual(JavaValue*, KlassHandle, Symbol*, Symbol*, JavaCallArguments*, Thread*)+0x164
V  [libjvm.dylib+0x2ef2fa]  JavaCalls::call_virtual(JavaValue*, Handle, KlassHandle, Symbol*, Symbol*, Thread*)+0x4a
V  [libjvm.dylib+0x349a51]  thread_entry(JavaThread*, Thread*)+0x7c
V  [libjvm.dylib+0x56c173]  JavaThread::thread_main_inner()+0x9b
V  [libjvm.dylib+0x56d860]  JavaThread::run()+0x1c2
V  [libjvm.dylib+0x48bbb2]  java_start(Thread*)+0xf6
C  [libsystem_pthread.dylib+0x3661]  _pthread_body+0x154
C  [libsystem_pthread.dylib+0x350d]  _pthread_body+0x0
C  [libsystem_pthread.dylib+0x2bf9]  thread_start+0xd
C  0x0000000000000000

Java frames: (J=compiled Java code, j=interpreted, Vv=VM code)
J 2823  sun.security.smartcardio.PCSC.SCardGetStatusChange(JJ[I[Ljava/lang/String;)[I (0 bytes) @ 0x00000001178585ec [0x0000000117858580+0x6c]
J 2851 C1 sun.security.smartcardio.TerminalImpl.isCardPresent()Z (54 bytes) @ 0x0000000117863b6c [0x00000001178639a0+0x1cc]
j  pacicardlibrary.JavaIOCardAndReaderEvent.CheckForTerminalChanges()V+879
j  pacicardlibrary.JavaIOCardAndReaderEvent$1.run()V+4
j  java.lang.Thread.run()V+11
v  ~StubRoutines::call_stub

---------------  P R O C E S S  ---------------

Java Threads: ( => current thread )
  0x00007ff8ea92f000 JavaThread "Thread-6" daemon [_thread_in_native, id=27395, stack(0x0000700011d5c000,0x0000700011e5c000)]
=>0x00007ff8ea0c3000 JavaThread "Thread-5" daemon [_thread_in_native, id=37951, stack(0x0000700010b26000,0x0000700010c26000)]
  0x00007ff8ea0c4800 JavaThread "Thread-4" daemon [_thread_in_native, id=4107, stack(0x0000700010a23000,0x0000700010b23000)]
  0x00007ff8ea000000 JavaThread "DestroyJavaVM" [_thread_blocked, id=3331, stack(0x000070000f564000,0x000070000f664000)]
  0x00007ff8ea18a800 JavaThread "http-nio-8020-AsyncTimeout" daemon [_thread_blocked, id=26371, stack(0x0000700011c59000,0x0000700011d59000)]
  0x00007ff8ea189800 JavaThread "http-nio-8020-Acceptor-0" daemon [_thread_in_native, id=25859, stack(0x0000700011b56000,0x0000700011c56000)]
  0x00007ff8ebb39800 JavaThread "http-nio-8020-ClientPoller-1" daemon [_thread_in_native, id=38403, stack(0x0000700011a53000,0x0000700011b53000)]
  0x00007ff8eaaf4000 JavaThread "http-nio-8020-ClientPoller-0" daemon [_thread_in_native, id=38659, stack(0x0000700011950000,0x0000700011a50000)]
  0x00007ff8ebb36800 JavaThread "http-nio-8020-exec-10" daemon [_thread_blocked, id=38915, stack(0x000070001184d000,0x000070001194d000)]
  0x00007ff8eb64b800 JavaThread "http-nio-8020-exec-9" daemon [_thread_blocked, id=24835, stack(0x000070001174a000,0x000070001184a000)]
  0x00007ff8ebb36000 JavaThread "http-nio-8020-exec-8" daemon [_thread_blocked, id=39683, stack(0x0000700011647000,0x0000700011747000)]
  0x00007ff8ebb35000 JavaThread "http-nio-8020-exec-7" daemon [_thread_blocked, id=24579, stack(0x0000700011544000,0x0000700011644000)]
  0x00007ff8ebb22000 JavaThread "http-nio-8020-exec-6" daemon [_thread_blocked, id=40195, stack(0x0000700011441000,0x0000700011541000)]
  0x00007ff8ebb1f800 JavaThread "http-nio-8020-exec-5" daemon [_thread_blocked, id=40707, stack(0x000070001133e000,0x000070001143e000)]
  0x00007ff8ea179000 JavaThread "http-nio-8020-exec-4" daemon [_thread_blocked, id=40963, stack(0x000070001123b000,0x000070001133b000)]
  0x00007ff8eb643000 JavaThread "http-nio-8020-exec-3" daemon [_thread_blocked, id=41475, stack(0x0000700011138000,0x0000700011238000)]
  0x00007ff8eb640800 JavaThread "http-nio-8020-exec-2" daemon [_thread_blocked, id=41987, stack(0x0000700011035000,0x0000700011135000)]
  0x00007ff8eaafc800 JavaThread "http-nio-8020-exec-1" daemon [_thread_blocked, id=23555, stack(0x0000700010f32000,0x0000700011032000)]
  0x00007ff8ebb10000 JavaThread "NioBlockingSelector.BlockPoller-1" daemon [_thread_in_native, id=42243, stack(0x0000700010e2f000,0x0000700010f2f000)]
  0x00007ff8eaaf3000 JavaThread "container-0" [_thread_blocked, id=23043, stack(0x0000700010d2c000,0x0000700010e2c000)]
  0x00007ff8ea180000 JavaThread "ContainerBackgroundProcessor[StandardEngine[Tomcat]]" daemon [_thread_blocked, id=22531, stack(0x0000700010c29000,0x0000700010d29000)]
  0x00007ff8eb363000 JavaThread "RMI TCP Accept-0" daemon [_thread_in_native, id=15619, stack(0x000070001081d000,0x000070001091d000)]
  0x00007ff8eb353800 JavaThread "RMI TCP Accept-64974" daemon [_thread_in_native, id=16131, stack(0x000070001071a000,0x000070001081a000)]
  0x00007ff8eb33f800 JavaThread "RMI TCP Accept-0" daemon [_thread_in_native, id=16643, stack(0x0000700010617000,0x0000700010717000)]
  0x00007ff8ea876000 JavaThread "Service Thread" daemon [_thread_blocked, id=17155, stack(0x0000700010514000,0x0000700010614000)]
  0x00007ff8ea023800 JavaThread "C1 CompilerThread2" daemon [_thread_blocked, id=15107, stack(0x0000700010411000,0x0000700010511000)]
  0x00007ff8ea852800 JavaThread "C2 CompilerThread1" daemon [_thread_blocked, id=14595, stack(0x000070001030e000,0x000070001040e000)]
  0x00007ff8ea84c800 JavaThread "C2 CompilerThread0" daemon [_thread_blocked, id=17923, stack(0x000070001020b000,0x000070001030b000)]
  0x00007ff8eb028000 JavaThread "JDWP Command Reader" daemon [_thread_in_native, id=14339, stack(0x0000700010108000,0x0000700010208000)]
  0x00007ff8eb80f000 JavaThread "JDWP Event Helper Thread" daemon [_thread_blocked, id=13827, stack(0x0000700010005000,0x0000700010105000)]
  0x00007ff8eb80e000 JavaThread "JDWP Transport Listener: dt_socket" daemon [_thread_blocked, id=18695, stack(0x000070000ff02000,0x0000700010002000)]
  0x00007ff8ea01a800 JavaThread "Signal Dispatcher" daemon [_thread_blocked, id=13323, stack(0x000070000fdff000,0x000070000feff000)]
  0x00007ff8ea02e000 JavaThread "Finalizer" daemon [_thread_blocked, id=20995, stack(0x000070000fcfc000,0x000070000fdfc000)]
  0x00007ff8ea02b000 JavaThread "Reference Handler" daemon [_thread_blocked, id=11779, stack(0x000070000fbf9000,0x000070000fcf9000)]

Other Threads:
  0x00007ff8ea026800 VMThread [stack: 0x000070000faf6000,0x000070000fbf6000] [id=21251]
  0x00007ff8eb363800 WatcherThread [stack: 0x0000700010920000,0x0000700010a20000] [id=21763]

VM state:not at safepoint (normal execution)

VM Mutex/Monitor currently owned by a thread: None

Heap:
 PSYoungGen      total 139776K, used 30000K [0x0000000795580000, 0x00000007a0400000, 0x00000007c0000000)
  eden space 130048K, 15% used [0x0000000795580000,0x000000079694f0e8,0x000000079d480000)
  from space 9728K, 99% used [0x000000079d480000,0x000000079ddfcfa0,0x000000079de00000)
  to   space 11264K, 0% used [0x000000079f900000,0x000000079f900000,0x00000007a0400000)
 ParOldGen       total 57344K, used 9795K [0x0000000740000000, 0x0000000743800000, 0x0000000795580000)
  object space 57344K, 17% used [0x0000000740000000,0x0000000740990f30,0x0000000743800000)
 Metaspace       used 29557K, capacity 29896K, committed 30336K, reserved 1075200K
  class space    used 3767K, capacity 3882K, committed 3968K, reserved 1048576K

Card table byte_map: [0x000000010d5c0000,0x000000010d9c1000] byte_map_base: 0x0000000109bc0000

Marking Bits: (ParMarkBitMap*) 0x000000010c1b15d0
 Begin Bits: [0x000000010dc6c000, 0x000000010fc6c000)
 End Bits:   [0x000000010fc6c000, 0x0000000111c6c000)

Polling page: 0x000000010c8a8000

CodeCache: size=245760Kb used=6588Kb max_used=6588Kb free=239171Kb
 bounds [0x00000001171f5000, 0x0000000117865000, 0x00000001261f5000]
 total_blobs=3255 nmethods=2849 adapters=327
 compilation: enabled

Compilation events (10 events):
Event: 84.057 Thread 0x00007ff8ea023800 2847   !   1       sun.nio.ch.KQueueSelectorImpl::updateSelectedKeys (265 bytes)
Event: 84.058 Thread 0x00007ff8ea023800 nmethod 2847 0x0000000117861e90 code [0x00000001178620a0, 0x00000001178628c8]
Event: 85.326 Thread 0x00007ff8ea023800 2849       1       sun.security.smartcardio.PCSCTerminals$ReaderState::get (5 bytes)
Event: 85.326 Thread 0x00007ff8ea023800 nmethod 2849 0x0000000117863290 code [0x00000001178633e0, 0x00000001178634f0]
Event: 86.333 Thread 0x00007ff8ea023800 2850       1       sun.security.smartcardio.TerminalImpl::getName (5 bytes)
Event: 86.334 Thread 0x00007ff8ea023800 nmethod 2850 0x0000000117863550 code [0x00000001178636a0, 0x00000001178637b0]
Event: 86.813 Thread 0x00007ff8ea023800 2851   !   1       sun.security.smartcardio.TerminalImpl::isCardPresent (54 bytes)
Event: 86.814 Thread 0x00007ff8ea023800 nmethod 2851 0x0000000117863810 code [0x00000001178639a0, 0x0000000117863d98]
Event: 87.067 Thread 0x00007ff8ea023800 2852       1       java.nio.channels.SelectionKey::attachment (5 bytes)
Event: 87.067 Thread 0x00007ff8ea023800 nmethod 2852 0x0000000117864050 code [0x00000001178641a0, 0x00000001178642b0]

GC Heap History (10 events):
Event: 1.801 GC heap before
{Heap before GC invocations=4 (full 0):
 PSYoungGen      total 38400K, used 38368K [0x0000000795580000, 0x000000079a080000, 0x00000007c0000000)
  eden space 33280K, 100% used [0x0000000795580000,0x0000000797600000,0x0000000797600000)
  from space 5120K, 99% used [0x0000000797600000,0x0000000797af8040,0x0000000797b00000)
  to   space 5120K, 0% used [0x0000000799b80000,0x0000000799b80000,0x000000079a080000)
 ParOldGen       total 87552K, used 4423K [0x0000000740000000, 0x0000000745580000, 0x0000000795580000)
  object space 87552K, 5% used [0x0000000740000000,0x0000000740451fb0,0x0000000745580000)
 Metaspace       used 20064K, capacity 20366K, committed 20608K, reserved 1067008K
  class space    used 2529K, capacity 2614K, committed 2688K, reserved 1048576K
Event: 1.812 GC heap after
Heap after GC invocations=4 (full 0):
 PSYoungGen      total 71680K, used 5104K [0x0000000795580000, 0x000000079a080000, 0x00000007c0000000)
  eden space 66560K, 0% used [0x0000000795580000,0x0000000795580000,0x0000000799680000)
  from space 5120K, 99% used [0x0000000799b80000,0x000000079a07c030,0x000000079a080000)
  to   space 5120K, 0% used [0x0000000799680000,0x0000000799680000,0x0000000799b80000)
 ParOldGen       total 87552K, used 7186K [0x0000000740000000, 0x0000000745580000, 0x0000000795580000)
  object space 87552K, 8% used [0x0000000740000000,0x0000000740704b60,0x0000000745580000)
 Metaspace       used 20064K, capacity 20366K, committed 20608K, reserved 1067008K
  class space    used 2529K, capacity 2614K, committed 2688K, reserved 1048576K
}
Event: 1.920 GC heap before
{Heap before GC invocations=5 (full 0):
 PSYoungGen      total 71680K, used 19095K [0x0000000795580000, 0x000000079a080000, 0x00000007c0000000)
  eden space 66560K, 21% used [0x0000000795580000,0x0000000796329f48,0x0000000799680000)
  from space 5120K, 99% used [0x0000000799b80000,0x000000079a07c030,0x000000079a080000)
  to   space 5120K, 0% used [0x0000000799680000,0x0000000799680000,0x0000000799b80000)
 ParOldGen       total 87552K, used 7186K [0x0000000740000000, 0x0000000745580000, 0x0000000795580000)
  object space 87552K, 8% used [0x0000000740000000,0x0000000740704b60,0x0000000745580000)
 Metaspace       used 20808K, capacity 21038K, committed 21248K, reserved 1067008K
  class space    used 2627K, capacity 2710K, committed 2816K, reserved 1048576K
Event: 1.930 GC heap after
Heap after GC invocations=5 (full 0):
 PSYoungGen      total 71680K, used 5088K [0x0000000795580000, 0x000000079e780000, 0x00000007c0000000)
  eden space 66560K, 0% used [0x0000000795580000,0x0000000795580000,0x0000000799680000)
  from space 5120K, 99% used [0x0000000799680000,0x0000000799b78020,0x0000000799b80000)
  to   space 8192K, 0% used [0x000000079df80000,0x000000079df80000,0x000000079e780000)
 ParOldGen       total 87552K, used 8352K [0x0000000740000000, 0x0000000745580000, 0x0000000795580000)
  object space 87552K, 9% used [0x0000000740000000,0x0000000740828338,0x0000000745580000)
 Metaspace       used 20808K, capacity 21038K, committed 21248K, reserved 1067008K
  class space    used 2627K, capacity 2710K, committed 2816K, reserved 1048576K
}
Event: 1.930 GC heap before
{Heap before GC invocations=6 (full 1):
 PSYoungGen      total 71680K, used 5088K [0x0000000795580000, 0x000000079e780000, 0x00000007c0000000)
  eden space 66560K, 0% used [0x0000000795580000,0x0000000795580000,0x0000000799680000)
  from space 5120K, 99% used [0x0000000799680000,0x0000000799b78020,0x0000000799b80000)
  to   space 8192K, 0% used [0x000000079df80000,0x000000079df80000,0x000000079e780000)
 ParOldGen       total 87552K, used 8352K [0x0000000740000000, 0x0000000745580000, 0x0000000795580000)
  object space 87552K, 9% used [0x0000000740000000,0x0000000740828338,0x0000000745580000)
 Metaspace       used 20808K, capacity 21038K, committed 21248K, reserved 1067008K
  class space    used 2627K, capacity 2710K, committed 2816K, reserved 1048576K
Event: 1.980 GC heap after
Heap after GC invocations=6 (full 1):
 PSYoungGen      total 71680K, used 0K [0x0000000795580000, 0x000000079e780000, 0x00000007c0000000)
  eden space 66560K, 0% used [0x0000000795580000,0x0000000795580000,0x0000000799680000)
  from space 5120K, 0% used [0x0000000799680000,0x0000000799680000,0x0000000799b80000)
  to   space 8192K, 0% used [0x000000079df80000,0x000000079df80000,0x000000079e780000)
 ParOldGen       total 57344K, used 7329K [0x0000000740000000, 0x0000000743800000, 0x0000000795580000)
  object space 57344K, 12% used [0x0000000740000000,0x0000000740728588,0x0000000743800000)
 Metaspace       used 20808K, capacity 21038K, committed 21248K, reserved 1067008K
  class space    used 2627K, capacity 2710K, committed 2816K, reserved 1048576K
}
Event: 2.554 GC heap before
{Heap before GC invocations=7 (full 1):
 PSYoungGen      total 71680K, used 66560K [0x0000000795580000, 0x000000079e780000, 0x00000007c0000000)
  eden space 66560K, 100% used [0x0000000795580000,0x0000000799680000,0x0000000799680000)
  from space 5120K, 0% used [0x0000000799680000,0x0000000799680000,0x0000000799b80000)
  to   space 8192K, 0% used [0x000000079df80000,0x000000079df80000,0x000000079e780000)
 ParOldGen       total 57344K, used 7329K [0x0000000740000000, 0x0000000743800000, 0x0000000795580000)
  object space 57344K, 12% used [0x0000000740000000,0x0000000740728588,0x0000000743800000)
 Metaspace       used 24535K, capacity 24820K, committed 25088K, reserved 1071104K
  class space    used 3119K, capacity 3223K, committed 3328K, reserved 1048576K
Event: 2.563 GC heap after
Heap after GC invocations=7 (full 1):
 PSYoungGen      total 112640K, used 8164K [0x0000000795580000, 0x000000079e780000, 0x00000007c0000000)
  eden space 104448K, 0% used [0x0000000795580000,0x0000000795580000,0x000000079bb80000)
  from space 8192K, 99% used [0x000000079df80000,0x000000079e7791b0,0x000000079e780000)
  to   space 9728K, 0% used [0x000000079d480000,0x000000079d480000,0x000000079de00000)
 ParOldGen       total 57344K, used 8338K [0x0000000740000000, 0x0000000743800000, 0x0000000795580000)
  object space 57344K, 14% used [0x0000000740000000,0x0000000740824af0,0x0000000743800000)
 Metaspace       used 24535K, capacity 24820K, committed 25088K, reserved 1071104K
  class space    used 3119K, capacity 3223K, committed 3328K, reserved 1048576K
}
Event: 18.016 GC heap before
{Heap before GC invocations=8 (full 1):
 PSYoungGen      total 112640K, used 112612K [0x0000000795580000, 0x000000079e780000, 0x00000007c0000000)
  eden space 104448K, 100% used [0x0000000795580000,0x000000079bb80000,0x000000079bb80000)
  from space 8192K, 99% used [0x000000079df80000,0x000000079e7791b0,0x000000079e780000)
  to   space 9728K, 0% used [0x000000079d480000,0x000000079d480000,0x000000079de00000)
 ParOldGen       total 57344K, used 8338K [0x0000000740000000, 0x0000000743800000, 0x0000000795580000)
  object space 57344K, 14% used [0x0000000740000000,0x0000000740824af0,0x0000000743800000)
 Metaspace       used 27509K, capacity 27820K, committed 28288K, reserved 1073152K
  class space    used 3513K, capacity 3617K, committed 3712K, reserved 1048576K
Event: 18.030 GC heap after
Heap after GC invocations=8 (full 1):
 PSYoungGen      total 139776K, used 9715K [0x0000000795580000, 0x00000007a0400000, 0x00000007c0000000)
  eden space 130048K, 0% used [0x0000000795580000,0x0000000795580000,0x000000079d480000)
  from space 9728K, 99% used [0x000000079d480000,0x000000079ddfcfa0,0x000000079de00000)
  to   space 11264K, 0% used [0x000000079f900000,0x000000079f900000,0x00000007a0400000)
 ParOldGen       total 57344K, used 9795K [0x0000000740000000, 0x0000000743800000, 0x0000000795580000)
  object space 57344K, 17% used [0x0000000740000000,0x0000000740990f30,0x0000000743800000)
 Metaspace       used 27509K, capacity 27820K, committed 28288K, reserved 1073152K
  class space    used 3513K, capacity 3617K, committed 3712K, reserved 1048576K
}

Deoptimization events (0 events):
No events

Internal exceptions (10 events):
Event: 92.182 Thread 0x00007ff8ea0c3000 Exception <a 'sun/security/smartcardio/PCSCException'> (0x00000007963ec870) thrown at [/Users/java_re/workspace/8-2-build-macosx-x86_64/jdk8u151/9699/hotspot/src/share/vm/prims/jni.cpp, line 709]
Event: 92.692 Thread 0x00007ff8ea92f000 Exception <a 'sun/security/smartcardio/PCSCException'> (0x00000007967fb938) thrown at [/Users/java_re/workspace/8-2-build-macosx-x86_64/jdk8u151/9699/hotspot/src/share/vm/prims/jni.cpp, line 709]
Event: 93.232 Thread 0x00007ff8ea0c4800 Exception <a 'sun/security/smartcardio/PCSCException'> (0x0000000795cf4318) thrown at [/Users/java_re/workspace/8-2-build-macosx-x86_64/jdk8u151/9699/hotspot/src/share/vm/prims/jni.cpp, line 709]
Event: 93.232 Thread 0x00007ff8ea0c3000 Exception <a 'sun/security/smartcardio/PCSCException'> (0x00000007963eccf0) thrown at [/Users/java_re/workspace/8-2-build-macosx-x86_64/jdk8u151/9699/hotspot/src/share/vm/prims/jni.cpp, line 709]
Event: 93.772 Thread 0x00007ff8ea92f000 Exception <a 'sun/security/smartcardio/PCSCException'> (0x00000007967fbdb8) thrown at [/Users/java_re/workspace/8-2-build-macosx-x86_64/jdk8u151/9699/hotspot/src/share/vm/prims/jni.cpp, line 709]
Event: 94.322 Thread 0x00007ff8ea0c4800 Exception <a 'sun/security/smartcardio/PCSCException'> (0x0000000795cf4798) thrown at [/Users/java_re/workspace/8-2-build-macosx-x86_64/jdk8u151/9699/hotspot/src/share/vm/prims/jni.cpp, line 709]
Event: 94.322 Thread 0x00007ff8ea0c3000 Exception <a 'sun/security/smartcardio/PCSCException'> (0x00000007963ed170) thrown at [/Users/java_re/workspace/8-2-build-macosx-x86_64/jdk8u151/9699/hotspot/src/share/vm/prims/jni.cpp, line 709]
Event: 94.834 Thread 0x00007ff8ea92f000 Exception <a 'sun/security/smartcardio/PCSCException'> (0x00000007967fc238) thrown at [/Users/java_re/workspace/8-2-build-macosx-x86_64/jdk8u151/9699/hotspot/src/share/vm/prims/jni.cpp, line 709]
Event: 95.362 Thread 0x00007ff8ea0c3000 Exception <a 'sun/security/smartcardio/PCSCException'> (0x00000007963ed5f0) thrown at [/Users/java_re/workspace/8-2-build-macosx-x86_64/jdk8u151/9699/hotspot/src/share/vm/prims/jni.cpp, line 709]
Event: 95.362 Thread 0x00007ff8ea0c4800 Exception <a 'sun/security/smartcardio/PCSCException'> (0x0000000795cf4c18) thrown at [/Users/java_re/workspace/8-2-build-macosx-x86_64/jdk8u151/9699/hotspot/src/share/vm/prims/jni.cpp, line 709]

Events (10 events):
Event: 32.517 loading class org/apache/tomcat/PeriodicEventListener done
Event: 32.517 Thread 0x00007ff8ea180000 DEOPT PACKING pc=0x00000001173e81d1 sp=0x0000700010d27330
Event: 32.517 Thread 0x00007ff8ea180000 DEOPT UNPACKING pc=0x000000011723c633 sp=0x0000700010d270a0 mode 1
Event: 32.517 Thread 0x00007ff8ea180000 DEOPT PACKING pc=0x0000000117723e3c sp=0x0000700010d273b0
Event: 32.517 Thread 0x00007ff8ea180000 DEOPT UNPACKING pc=0x000000011723c633 sp=0x0000700010d271e0 mode 1
Event: 32.517 Thread 0x00007ff8ea180000 DEOPT PACKING pc=0x0000000117723d84 sp=0x0000700010d27530
Event: 32.517 Thread 0x00007ff8ea180000 DEOPT UNPACKING pc=0x000000011723c633 sp=0x0000700010d27360 mode 1
Event: 77.940 Thread 0x00007ff8ea92f000 Thread added: 0x00007ff8ea92f000
Event: 78.037 Executing VM operation: RevokeBias
Event: 78.037 Executing VM operation: RevokeBias done


Dynamic libraries:
0x000000000db05000 	/System/Library/Frameworks/Cocoa.framework/Versions/A/Cocoa
0x000000000db05000 	/System/Library/Frameworks/Security.framework/Versions/A/Security
0x000000000db05000 	/System/Library/Frameworks/ApplicationServices.framework/Versions/A/ApplicationServices
0x000000000db05000 	/usr/lib/libz.1.dylib
0x000000000db05000 	/usr/lib/libSystem.B.dylib
0x000000000db05000 	/usr/lib/libobjc.A.dylib
0x000000000db05000 	/System/Library/Frameworks/CoreFoundation.framework/Versions/A/CoreFoundation
0x000000000db05000 	/System/Library/Frameworks/Foundation.framework/Versions/C/Foundation
0x000000000db05000 	/System/Library/Frameworks/AppKit.framework/Versions/C/AppKit
0x000000000db05000 	/System/Library/Frameworks/CoreData.framework/Versions/A/CoreData
0x000000000db05000 	/System/Library/PrivateFrameworks/RemoteViewServices.framework/Versions/A/RemoteViewServices
0x000000000db05000 	/System/Library/PrivateFrameworks/UIFoundation.framework/Versions/A/UIFoundation
0x000000000db05000 	/System/Library/PrivateFrameworks/DFRFoundation.framework/Versions/A/DFRFoundation
0x000000000db05000 	/System/Library/Frameworks/Metal.framework/Versions/A/Metal
0x000000000db05000 	/System/Library/PrivateFrameworks/DesktopServicesPriv.framework/Versions/A/DesktopServicesPriv
0x000000000db05000 	/usr/lib/libenergytrace.dylib
0x000000000db05000 	/System/Library/PrivateFrameworks/SkyLight.framework/Versions/A/SkyLight
0x000000000db05000 	/System/Library/Frameworks/CoreGraphics.framework/Versions/A/CoreGraphics
0x000000000db05000 	/usr/lib/libScreenReader.dylib
0x000000000db05000 	/System/Library/Frameworks/Accelerate.framework/Versions/A/Accelerate
0x000000000db05000 	/System/Library/Frameworks/IOSurface.framework/Versions/A/IOSurface
0x000000000db05000 	/System/Library/Frameworks/AudioToolbox.framework/Versions/A/AudioToolbox
0x000000000db05000 	/System/Library/Frameworks/AudioUnit.framework/Versions/A/AudioUnit
0x000000000db05000 	/System/Library/PrivateFrameworks/DataDetectorsCore.framework/Versions/A/DataDetectorsCore
0x000000000db05000 	/System/Library/Frameworks/Carbon.framework/Versions/A/Frameworks/HIToolbox.framework/Versions/A/HIToolbox
0x000000000db05000 	/usr/lib/libicucore.A.dylib
0x000000000db05000 	/System/Library/Frameworks/QuartzCore.framework/Versions/A/QuartzCore
0x000000000db05000 	/System/Library/PrivateFrameworks/SignpostNotification.framework/Versions/A/SignpostNotification
0x000000000db05000 	/System/Library/Frameworks/Carbon.framework/Versions/A/Frameworks/SpeechRecognition.framework/Versions/A/SpeechRecognition
0x000000000db05000 	/usr/lib/libauto.dylib
0x000000000db05000 	/usr/lib/libxml2.2.dylib
0x000000000db05000 	/System/Library/PrivateFrameworks/CoreUI.framework/Versions/A/CoreUI
0x000000000db05000 	/System/Library/Frameworks/CoreAudio.framework/Versions/A/CoreAudio
0x000000000db05000 	/System/Library/Frameworks/DiskArbitration.framework/Versions/A/DiskArbitration
0x000000000db05000 	/usr/lib/liblangid.dylib
0x000000000db05000 	/System/Library/PrivateFrameworks/MultitouchSupport.framework/Versions/A/MultitouchSupport
0x000000000db05000 	/System/Library/Frameworks/IOKit.framework/Versions/A/IOKit
0x000000000db05000 	/usr/lib/libDiagnosticMessagesClient.dylib
0x000000000db05000 	/System/Library/Frameworks/CoreServices.framework/Versions/A/CoreServices
0x000000000db05000 	/System/Library/PrivateFrameworks/PerformanceAnalysis.framework/Versions/A/PerformanceAnalysis
0x000000000db05000 	/System/Library/Frameworks/OpenGL.framework/Versions/A/OpenGL
0x000000000db05000 	/System/Library/Frameworks/ColorSync.framework/Versions/A/ColorSync
0x000000000db05000 	/System/Library/Frameworks/CoreImage.framework/Versions/A/CoreImage
0x000000000db05000 	/System/Library/Frameworks/CoreText.framework/Versions/A/CoreText
0x000000000db05000 	/System/Library/Frameworks/ImageIO.framework/Versions/A/ImageIO
0x000000000db05000 	/System/Library/PrivateFrameworks/Backup.framework/Versions/A/Backup
0x000000000db05000 	/usr/lib/libarchive.2.dylib
0x000000000db05000 	/System/Library/Frameworks/CFNetwork.framework/Versions/A/CFNetwork
0x000000000db05000 	/System/Library/Frameworks/SystemConfiguration.framework/Versions/A/SystemConfiguration
0x000000000db05000 	/usr/lib/libCRFSuite.dylib
0x000000000db05000 	/usr/lib/libc++.1.dylib
0x000000000db05000 	/usr/lib/libc++abi.dylib
0x000000000db05000 	/usr/lib/system/libcache.dylib
0x000000000db05000 	/usr/lib/system/libcommonCrypto.dylib
0x000000000db05000 	/usr/lib/system/libcompiler_rt.dylib
0x000000000db05000 	/usr/lib/system/libcopyfile.dylib
0x000000000db05000 	/usr/lib/system/libcorecrypto.dylib
0x000000000db05000 	/usr/lib/system/libdispatch.dylib
0x000000000db05000 	/usr/lib/system/libdyld.dylib
0x000000000db05000 	/usr/lib/system/libkeymgr.dylib
0x000000000db05000 	/usr/lib/system/liblaunch.dylib
0x000000000db05000 	/usr/lib/system/libmacho.dylib
0x000000000db05000 	/usr/lib/system/libquarantine.dylib
0x000000000db05000 	/usr/lib/system/libremovefile.dylib
0x000000000db05000 	/usr/lib/system/libsystem_asl.dylib
0x000000000db05000 	/usr/lib/system/libsystem_blocks.dylib
0x000000000db05000 	/usr/lib/system/libsystem_c.dylib
0x000000000db05000 	/usr/lib/system/libsystem_configuration.dylib
0x000000000db05000 	/usr/lib/system/libsystem_coreservices.dylib
0x000000000db05000 	/usr/lib/system/libsystem_darwin.dylib
0x000000000db05000 	/usr/lib/system/libsystem_dnssd.dylib
0x000000000db05000 	/usr/lib/system/libsystem_info.dylib
0x000000000db05000 	/usr/lib/system/libsystem_m.dylib
0x000000000db05000 	/usr/lib/system/libsystem_malloc.dylib
0x000000000db05000 	/usr/lib/system/libsystem_network.dylib
0x000000000db05000 	/usr/lib/system/libsystem_networkextension.dylib
0x000000000db05000 	/usr/lib/system/libsystem_notify.dylib
0x000000000db05000 	/usr/lib/system/libsystem_sandbox.dylib
0x000000000db05000 	/usr/lib/system/libsystem_secinit.dylib
0x000000000db05000 	/usr/lib/system/libsystem_kernel.dylib
0x000000000db05000 	/usr/lib/system/libsystem_platform.dylib
0x000000000db05000 	/usr/lib/system/libsystem_pthread.dylib
0x000000000db05000 	/usr/lib/system/libsystem_symptoms.dylib
0x000000000db05000 	/usr/lib/system/libsystem_trace.dylib
0x000000000db05000 	/usr/lib/system/libunwind.dylib
0x000000000db05000 	/usr/lib/system/libxpc.dylib
0x000000000db05000 	/usr/lib/closure/libclosured.dylib
0x000000000db05000 	/usr/lib/libbsm.0.dylib
0x000000000db05000 	/usr/lib/system/libkxld.dylib
0x000000000db05000 	/usr/lib/libOpenScriptingUtil.dylib
0x000000000db05000 	/usr/lib/libcoretls.dylib
0x000000000db05000 	/usr/lib/libcoretls_cfhelpers.dylib
0x000000000db05000 	/usr/lib/libpam.2.dylib
0x000000000db05000 	/usr/lib/libsqlite3.dylib
0x000000000db05000 	/usr/lib/libxar.1.dylib
0x000000000db05000 	/usr/lib/libbz2.1.0.dylib
0x000000000db05000 	/usr/lib/liblzma.5.dylib
0x000000000db05000 	/usr/lib/libnetwork.dylib
0x000000000db05000 	/usr/lib/libapple_nghttp2.dylib
0x000000000db05000 	/usr/lib/libpcap.A.dylib
0x000000000db05000 	/usr/lib/libboringssl.dylib
0x000000000db05000 	/usr/lib/libusrtcp.dylib
0x000000000db05000 	/usr/lib/libapple_crypto.dylib
0x000000000db05000 	/System/Library/Frameworks/CoreServices.framework/Versions/A/Frameworks/FSEvents.framework/Versions/A/FSEvents
0x000000000db05000 	/System/Library/Frameworks/CoreServices.framework/Versions/A/Frameworks/CarbonCore.framework/Versions/A/CarbonCore
0x000000000db05000 	/System/Library/Frameworks/CoreServices.framework/Versions/A/Frameworks/Metadata.framework/Versions/A/Metadata
0x000000000db05000 	/System/Library/Frameworks/CoreServices.framework/Versions/A/Frameworks/OSServices.framework/Versions/A/OSServices
0x000000000db05000 	/System/Library/Frameworks/CoreServices.framework/Versions/A/Frameworks/SearchKit.framework/Versions/A/SearchKit
0x000000000db05000 	/System/Library/Frameworks/CoreServices.framework/Versions/A/Frameworks/AE.framework/Versions/A/AE
0x000000000db05000 	/System/Library/Frameworks/CoreServices.framework/Versions/A/Frameworks/LaunchServices.framework/Versions/A/LaunchServices
0x000000000db05000 	/System/Library/Frameworks/CoreServices.framework/Versions/A/Frameworks/DictionaryServices.framework/Versions/A/DictionaryServices
0x000000000db05000 	/System/Library/Frameworks/CoreServices.framework/Versions/A/Frameworks/SharedFileList.framework/Versions/A/SharedFileList
0x000000000db05000 	/System/Library/Frameworks/NetFS.framework/Versions/A/NetFS
0x000000000db05000 	/System/Library/PrivateFrameworks/NetAuth.framework/Versions/A/NetAuth
0x000000000db05000 	/System/Library/PrivateFrameworks/login.framework/Versions/A/Frameworks/loginsupport.framework/Versions/A/loginsupport
0x000000000db05000 	/System/Library/PrivateFrameworks/TCC.framework/Versions/A/TCC
0x000000000db05000 	/usr/lib/libmecabra.dylib
0x000000000db05000 	/System/Library/Frameworks/ApplicationServices.framework/Versions/A/Frameworks/ATS.framework/Versions/A/ATS
0x000000000db05000 	/System/Library/Frameworks/ApplicationServices.framework/Versions/A/Frameworks/ColorSyncLegacy.framework/Versions/A/ColorSyncLegacy
0x000000000db05000 	/System/Library/Frameworks/ApplicationServices.framework/Versions/A/Frameworks/HIServices.framework/Versions/A/HIServices
0x000000000db05000 	/System/Library/Frameworks/ApplicationServices.framework/Versions/A/Frameworks/LangAnalysis.framework/Versions/A/LangAnalysis
0x000000000db05000 	/System/Library/Frameworks/ApplicationServices.framework/Versions/A/Frameworks/PrintCore.framework/Versions/A/PrintCore
0x000000000db05000 	/System/Library/Frameworks/ApplicationServices.framework/Versions/A/Frameworks/QD.framework/Versions/A/QD
0x000000000db05000 	/System/Library/Frameworks/ApplicationServices.framework/Versions/A/Frameworks/SpeechSynthesis.framework/Versions/A/SpeechSynthesis
0x000000000db05000 	/System/Library/Frameworks/CoreDisplay.framework/Versions/A/CoreDisplay
0x000000000db05000 	/System/Library/Frameworks/Accelerate.framework/Versions/A/Frameworks/vImage.framework/Versions/A/vImage
0x000000000db05000 	/System/Library/Frameworks/Accelerate.framework/Versions/A/Frameworks/vecLib.framework/Versions/A/vecLib
0x000000000db05000 	/System/Library/Frameworks/Accelerate.framework/Versions/A/Frameworks/vecLib.framework/Versions/A/libvDSP.dylib
0x000000000db05000 	/System/Library/Frameworks/Accelerate.framework/Versions/A/Frameworks/vecLib.framework/Versions/A/libBNNS.dylib
0x000000000db05000 	/System/Library/Frameworks/Accelerate.framework/Versions/A/Frameworks/vecLib.framework/Versions/A/libQuadrature.dylib
0x000000000db05000 	/System/Library/Frameworks/Accelerate.framework/Versions/A/Frameworks/vecLib.framework/Versions/A/libvMisc.dylib
0x000000000db05000 	/System/Library/Frameworks/Accelerate.framework/Versions/A/Frameworks/vecLib.framework/Versions/A/libLAPACK.dylib
0x000000000db05000 	/System/Library/Frameworks/Accelerate.framework/Versions/A/Frameworks/vecLib.framework/Versions/A/libBLAS.dylib
0x000000000db05000 	/System/Library/Frameworks/Accelerate.framework/Versions/A/Frameworks/vecLib.framework/Versions/A/libLinearAlgebra.dylib
0x000000000db05000 	/System/Library/Frameworks/Accelerate.framework/Versions/A/Frameworks/vecLib.framework/Versions/A/libSparse.dylib
0x000000000db05000 	/System/Library/Frameworks/Accelerate.framework/Versions/A/Frameworks/vecLib.framework/Versions/A/libSparseBLAS.dylib
0x000000000db05000 	/System/Library/PrivateFrameworks/GPUWrangler.framework/Versions/A/GPUWrangler
0x000000000db05000 	/System/Library/PrivateFrameworks/IOAccelerator.framework/Versions/A/IOAccelerator
0x000000000db05000 	/System/Library/PrivateFrameworks/IOPresentment.framework/Versions/A/IOPresentment
0x000000000db05000 	/System/Library/PrivateFrameworks/DSExternalDisplay.framework/Versions/A/DSExternalDisplay
0x000000000db05000 	/System/Library/Frameworks/OpenGL.framework/Versions/A/Libraries/libCoreFSCache.dylib
0x000000000db05000 	/System/Library/Frameworks/CoreVideo.framework/Versions/A/CoreVideo
0x000000000db05000 	/System/Library/PrivateFrameworks/GraphVisualizer.framework/Versions/A/GraphVisualizer
0x000000000db05000 	/System/Library/Frameworks/MetalPerformanceShaders.framework/Versions/A/MetalPerformanceShaders
0x000000000db05000 	/usr/lib/libFosl_dynamic.dylib
0x000000000db05000 	/System/Library/PrivateFrameworks/FaceCore.framework/Versions/A/FaceCore
0x000000000db05000 	/System/Library/Frameworks/OpenCL.framework/Versions/A/OpenCL
0x000000000db05000 	/usr/lib/libcompression.dylib
0x000000000db05000 	/System/Library/Frameworks/ApplicationServices.framework/Versions/A/Frameworks/ATS.framework/Versions/A/Resources/libFontParser.dylib
0x000000000db05000 	/System/Library/Frameworks/ApplicationServices.framework/Versions/A/Frameworks/ATS.framework/Versions/A/Resources/libFontRegistry.dylib
0x000000000db05000 	/System/Library/Frameworks/ImageIO.framework/Versions/A/Resources/libJPEG.dylib
0x000000000db05000 	/System/Library/Frameworks/ImageIO.framework/Versions/A/Resources/libTIFF.dylib
0x000000000db05000 	/System/Library/Frameworks/ImageIO.framework/Versions/A/Resources/libPng.dylib
0x000000000db05000 	/System/Library/Frameworks/ImageIO.framework/Versions/A/Resources/libGIF.dylib
0x000000000db05000 	/System/Library/Frameworks/ImageIO.framework/Versions/A/Resources/libJP2.dylib
0x000000000db05000 	/System/Library/Frameworks/ImageIO.framework/Versions/A/Resources/libRadiance.dylib
0x000000000db05000 	/System/Library/PrivateFrameworks/AppleJPEG.framework/Versions/A/AppleJPEG
0x000000000db05000 	/System/Library/Frameworks/MetalPerformanceShaders.framework/Frameworks/MPSCore.framework/Versions/A/MPSCore
0x000000000db05000 	/System/Library/Frameworks/MetalPerformanceShaders.framework/Frameworks/MPSImage.framework/Versions/A/MPSImage
0x000000000db05000 	/System/Library/Frameworks/MetalPerformanceShaders.framework/Frameworks/MPSNeuralNetwork.framework/Versions/A/MPSNeuralNetwork
0x000000000db05000 	/System/Library/Frameworks/MetalPerformanceShaders.framework/Frameworks/MPSMatrix.framework/Versions/A/MPSMatrix
0x000000000db05000 	/System/Library/PrivateFrameworks/MetalTools.framework/Versions/A/MetalTools
0x000000000db05000 	/System/Library/Frameworks/OpenGL.framework/Versions/A/Libraries/libGLU.dylib
0x000000000db05000 	/System/Library/Frameworks/OpenGL.framework/Versions/A/Libraries/libGFXShared.dylib
0x000000000db05000 	/System/Library/Frameworks/OpenGL.framework/Versions/A/Libraries/libGL.dylib
0x000000000db05000 	/System/Library/Frameworks/OpenGL.framework/Versions/A/Libraries/libGLImage.dylib
0x000000000db05000 	/System/Library/Frameworks/OpenGL.framework/Versions/A/Libraries/libCVMSPluginSupport.dylib
0x000000000db05000 	/System/Library/Frameworks/OpenGL.framework/Versions/A/Libraries/libCoreVMClient.dylib
0x000000000db05000 	/usr/lib/libcups.2.dylib
0x000000000db05000 	/System/Library/Frameworks/Kerberos.framework/Versions/A/Kerberos
0x000000000db05000 	/System/Library/Frameworks/GSS.framework/Versions/A/GSS
0x000000000db05000 	/usr/lib/libresolv.9.dylib
0x000000000db05000 	/usr/lib/libiconv.2.dylib
0x000000000db05000 	/System/Library/PrivateFrameworks/Heimdal.framework/Versions/A/Heimdal
0x000000000db05000 	/usr/lib/libheimdal-asn1.dylib
0x000000000db05000 	/System/Library/Frameworks/OpenDirectory.framework/Versions/A/OpenDirectory
0x000000000db05000 	/System/Library/PrivateFrameworks/CommonAuth.framework/Versions/A/CommonAuth
0x000000000db05000 	/System/Library/Frameworks/OpenDirectory.framework/Versions/A/Frameworks/CFOpenDirectory.framework/Versions/A/CFOpenDirectory
0x000000000db05000 	/System/Library/Frameworks/SecurityFoundation.framework/Versions/A/SecurityFoundation
0x000000000db05000 	/System/Library/PrivateFrameworks/APFS.framework/Versions/A/APFS
0x000000000db05000 	/usr/lib/libutil.dylib
0x000000000db05000 	/System/Library/PrivateFrameworks/AppleSauce.framework/Versions/A/AppleSauce
0x000000000db05000 	/System/Library/PrivateFrameworks/LinguisticData.framework/Versions/A/LinguisticData
0x000000000db05000 	/usr/lib/libmarisa.dylib
0x000000000db05000 	/System/Library/PrivateFrameworks/Lexicon.framework/Versions/A/Lexicon
0x000000000db05000 	/usr/lib/libChineseTokenizer.dylib
0x000000000db05000 	/usr/lib/libcmph.dylib
0x000000000db05000 	/System/Library/PrivateFrameworks/LanguageModeling.framework/Versions/A/LanguageModeling
0x000000000db05000 	/System/Library/PrivateFrameworks/CoreEmoji.framework/Versions/A/CoreEmoji
0x000000000db05000 	/System/Library/Frameworks/ServiceManagement.framework/Versions/A/ServiceManagement
0x000000000db05000 	/System/Library/PrivateFrameworks/BackgroundTaskManagement.framework/Versions/A/BackgroundTaskManagement
0x000000000db05000 	/usr/lib/libxslt.1.dylib
0x000000000db05000 	/System/Library/Frameworks/Carbon.framework/Versions/A/Frameworks/Ink.framework/Versions/A/Ink
0x000000000db05000 	/System/Library/PrivateFrameworks/TextureIO.framework/Versions/A/TextureIO
0x000000000db05000 	/usr/lib/libate.dylib
0x000000000db05000 	/System/Library/PrivateFrameworks/CrashReporterSupport.framework/Versions/A/CrashReporterSupport
0x000000000db05000 	/System/Library/PrivateFrameworks/Sharing.framework/Versions/A/Sharing
0x000000000db05000 	/System/Library/PrivateFrameworks/IconServices.framework/Versions/A/IconServices
0x000000000db05000 	/System/Library/PrivateFrameworks/AuthKit.framework/Versions/A/AuthKit
0x000000000db05000 	/System/Library/PrivateFrameworks/Apple80211.framework/Versions/A/Apple80211
0x000000000db05000 	/System/Library/PrivateFrameworks/CoreUtils.framework/Versions/A/CoreUtils
0x000000000db05000 	/System/Library/Frameworks/CoreWLAN.framework/Versions/A/CoreWLAN
0x000000000db05000 	/System/Library/Frameworks/IOBluetooth.framework/Versions/A/IOBluetooth
0x000000000db05000 	/System/Library/PrivateFrameworks/ProtocolBuffer.framework/Versions/A/ProtocolBuffer
0x000000000db05000 	/System/Library/PrivateFrameworks/MobileKeyBag.framework/Versions/A/MobileKeyBag
0x000000000db05000 	/System/Library/PrivateFrameworks/CorePhoneNumbers.framework/Versions/A/CorePhoneNumbers
0x000000000db05000 	/System/Library/PrivateFrameworks/AppleIDAuthSupport.framework/Versions/A/AppleIDAuthSupport
0x000000000db05000 	/System/Library/PrivateFrameworks/KeychainCircle.framework/Versions/A/KeychainCircle
0x000000000db05000 	/System/Library/PrivateFrameworks/CoreWiFi.framework/Versions/A/CoreWiFi
0x000000000db05000 	/System/Library/Frameworks/CoreBluetooth.framework/Versions/A/CoreBluetooth
0x000000000db05000 	/System/Library/PrivateFrameworks/DebugSymbols.framework/Versions/A/DebugSymbols
0x000000000db05000 	/System/Library/PrivateFrameworks/CoreSymbolication.framework/Versions/A/CoreSymbolication
0x000000000db05000 	/System/Library/PrivateFrameworks/Symbolication.framework/Versions/A/Symbolication
0x000000000db05000 	/System/Library/PrivateFrameworks/AppleFSCompression.framework/Versions/A/AppleFSCompression
0x000000000db05000 	/System/Library/PrivateFrameworks/SpeechRecognitionCore.framework/Versions/A/SpeechRecognitionCore
0x000000010b8be000 	/Library/Java/JavaVirtualMachines/jdk1.8.0_151.jdk/Contents/Home/jre/lib/server/libjvm.dylib
0x000000000db05000 	/usr/lib/libstdc++.6.0.9.dylib
0x000000010c865000 	/Library/Java/JavaVirtualMachines/jdk1.8.0_151.jdk/Contents/Home/jre/lib/libverify.dylib
0x000000010c873000 	/Library/Java/JavaVirtualMachines/jdk1.8.0_151.jdk/Contents/Home/jre/lib/libjava.dylib
0x000000010c8a9000 	/Library/Java/JavaVirtualMachines/jdk1.8.0_151.jdk/Contents/Home/jre/lib/libjdwp.dylib
0x000000010c8f4000 	/Library/Java/JavaVirtualMachines/jdk1.8.0_151.jdk/Contents/Home/jre/lib/libnpt.dylib
0x000000010c941000 	/Library/Java/JavaVirtualMachines/jdk1.8.0_151.jdk/Contents/Home/jre/lib/libzip.dylib
0x000000000db05000 	/System/Library/Frameworks/JavaVM.framework/Versions/A/Frameworks/JavaRuntimeSupport.framework/Versions/A/JavaRuntimeSupport
0x000000000db05000 	/System/Library/Frameworks/JavaVM.framework/Versions/A/Frameworks/JavaNativeFoundation.framework/Versions/A/JavaNativeFoundation
0x000000000db05000 	/System/Library/Frameworks/JavaVM.framework/Versions/A/JavaVM
0x000000000db05000 	/System/Library/Frameworks/Carbon.framework/Versions/A/Carbon
0x000000000db05000 	/System/Library/PrivateFrameworks/JavaLaunching.framework/Versions/A/JavaLaunching
0x000000000db05000 	/System/Library/Frameworks/Carbon.framework/Versions/A/Frameworks/CommonPanels.framework/Versions/A/CommonPanels
0x000000000db05000 	/System/Library/Frameworks/Carbon.framework/Versions/A/Frameworks/Help.framework/Versions/A/Help
0x000000000db05000 	/System/Library/Frameworks/Carbon.framework/Versions/A/Frameworks/ImageCapture.framework/Versions/A/ImageCapture
0x000000000db05000 	/System/Library/Frameworks/Carbon.framework/Versions/A/Frameworks/OpenScripting.framework/Versions/A/OpenScripting
0x000000000db05000 	/System/Library/Frameworks/Carbon.framework/Versions/A/Frameworks/Print.framework/Versions/A/Print
0x000000000db05000 	/System/Library/Frameworks/Carbon.framework/Versions/A/Frameworks/SecurityHI.framework/Versions/A/SecurityHI
0x000000011547a000 	/Library/Java/JavaVirtualMachines/jdk1.8.0_151.jdk/Contents/Home/jre/lib/libdt_socket.dylib
0x0000000115481000 	/Library/Java/JavaVirtualMachines/jdk1.8.0_151.jdk/Contents/Home/jre/lib/libmanagement.dylib
0x000000011548f000 	/Library/Java/JavaVirtualMachines/jdk1.8.0_151.jdk/Contents/Home/jre/lib/libnet.dylib
0x00000001154ee000 	/Library/Java/JavaVirtualMachines/jdk1.8.0_151.jdk/Contents/Home/jre/lib/libnio.dylib
0x00000001169a0000 	/Library/Java/JavaVirtualMachines/jdk1.8.0_151.jdk/Contents/Home/jre/lib/libsunec.dylib
0x00000001169cd000 	/Library/Java/JavaVirtualMachines/jdk1.8.0_151.jdk/Contents/Home/jre/lib/libj2pcsc.dylib
0x000000000db05000 	/System/Library/Frameworks/PCSC.framework/Versions/A/PCSC

VM Arguments:
jvm_args: -agentlib:jdwp=transport=dt_socket,suspend=y,address=localhost:64975 -Dcom.sun.management.jmxremote -Dcom.sun.management.jmxremote.port=64974 -Dcom.sun.management.jmxremote.authenticate=false -Dcom.sun.management.jmxremote.ssl=false -Djava.rmi.server.hostname=localhost -Dspring.liveBeansView.mbeanDomain -Dspring.application.admin.enabled=true -Djava.security.egd=file:/dev/./urandom -Xverify:none -XX:TieredStopAtLevel=1 -Dfile.encoding=UTF-8 -Xbootclasspath:/Library/Java/JavaVirtualMachines/jdk1.8.0_151.jdk/Contents/Home/jre/lib/resources.jar:/Library/Java/JavaVirtualMachines/jdk1.8.0_151.jdk/Contents/Home/jre/lib/rt.jar:/Library/Java/JavaVirtualMachines/jdk1.8.0_151.jdk/Contents/Home/jre/lib/jsse.jar:/Library/Java/JavaVirtualMachines/jdk1.8.0_151.jdk/Contents/Home/jre/lib/jce.jar:/Library/Java/JavaVirtualMachines/jdk1.8.0_151.jdk/Contents/Home/jre/lib/charsets.jar:/Library/Java/JavaVirtualMachines/jdk1.8.0_151.jdk/Contents/Home/jre/lib/jfr.jar 
java_command: com.amx.jax.adapter.SpringBootConsoleApplication
java_class_path (initial): /Library/Java/JavaVirtualMachines/jdk1.8.0_151.jdk/Contents/Home/jre/lib/resources.jar:/Library/Java/JavaVirtualMachines/jdk1.8.0_151.jdk/Contents/Home/jre/lib/rt.jar:/Library/Java/JavaVirtualMachines/jdk1.8.0_151.jdk/Contents/Home/jre/lib/jsse.jar:/Library/Java/JavaVirtualMachines/jdk1.8.0_151.jdk/Contents/Home/jre/lib/jce.jar:/Library/Java/JavaVirtualMachines/jdk1.8.0_151.jdk/Contents/Home/jre/lib/charsets.jar:/Library/Java/JavaVirtualMachines/jdk1.8.0_151.jdk/Contents/Home/jre/lib/jfr.jar:/Users/lalittanwar/Projects/amx-jax/sw-adapter/target/classes:/Users/lalittanwar/.m2/repository/org/springframework/boot/spring-boot-starter/1.5.8.RELEASE/spring-boot-starter-1.5.8.RELEASE.jar:/Users/lalittanwar/.m2/repository/org/springframework/boot/spring-boot/1.5.8.RELEASE/spring-boot-1.5.8.RELEASE.jar:/Users/lalittanwar/.m2/repository/org/springframework/spring-context/4.3.12.RELEASE/spring-context-4.3.12.RELEASE.jar:/Users/lalittanwar/.m2/repository/org/springframework/boot/spring-boot-autoconfigure/1.5.8.RELEASE/spring-boot-autoconfigure-1.5.8.RELEASE.jar:/Users/lalittanwar/.m2/repository/org/springframework/boot/spring-boot-starter-logging/1.5.8.RELEASE/spring-boot-starter-logging-1.5.8.RELEASE.jar:/Users/lalittanwar/.m2/repository/ch/qos/logback/logback-classic/1.1.11/logback-classic-1.1.11.jar:/Users/lalittanwar/.m2/repository/ch/qos/logback/logback-core/1.1.11/logback-core-1.1.11.jar:/Users/lalittanwar/.m2/repository/org/slf4j/jcl-over-slf4j/1.7.25/jcl-over-slf4j-1.7.25.jar:/Users/lalittanwar/.m2/repository/org/slf4j/jul-to-slf4j/1.7.25/jul-to-slf4j-1.7.25.jar:/Users/lalittanwar/.m2/repository/org/springframework/spring-core/4.3.12.RELEASE/spring-core-4.3.12.RELEASE.jar:/Users/lalittanwar/.m2/repository/org/yaml/snakeyaml/1.17/snakeyaml-1.17.jar:/Users/lalittanwar/Projects/amx-jax/common-utils/target/classes:/Users/lalittanwar/.m2/repository/com/fasterxml/jackson/core/jackson-core/2.8.10/jackson-core-2.8.10.jar:/Users/lalittanwar/.m2/repos
Launcher Type: SUN_STANDARD

Environment Variables:
PATH=/usr/bin:/bin:/usr/sbin:/sbin
SHELL=/bin/bash
DISPLAY=/private/tmp/com.apple.launchd.5QPxZIv2Sa/org.macosforge.xquartz:0

Signal Handlers:
SIGSEGV: [libjvm.dylib+0x5b27a5], sa_mask[0]=11111111011111110111111111111111, sa_flags=SA_ONSTACK|SA_RESTART|SA_SIGINFO
SIGBUS: [libjvm.dylib+0x5b27a5], sa_mask[0]=11111111011111110111111111111111, sa_flags=SA_RESTART|SA_SIGINFO
SIGFPE: [libjvm.dylib+0x4891c4], sa_mask[0]=11111111011111110111111111111111, sa_flags=SA_RESTART|SA_SIGINFO
SIGPIPE: [libjvm.dylib+0x4891c4], sa_mask[0]=11111111011111110111111111111111, sa_flags=SA_RESTART|SA_SIGINFO
SIGXFSZ: [libjvm.dylib+0x4891c4], sa_mask[0]=11111111011111110111111111111111, sa_flags=SA_RESTART|SA_SIGINFO
SIGILL: [libjvm.dylib+0x4891c4], sa_mask[0]=11111111011111110111111111111111, sa_flags=SA_RESTART|SA_SIGINFO
SIGUSR1: SIG_DFL, sa_mask[0]=00000000000000000000000000000000, sa_flags=none
SIGUSR2: [libjvm.dylib+0x488ce2], sa_mask[0]=00100000000000000000000000000000, sa_flags=SA_RESTART|SA_SIGINFO
SIGHUP: [libjvm.dylib+0x4872b9], sa_mask[0]=11111111011111110111111111111111, sa_flags=SA_RESTART|SA_SIGINFO
SIGINT: [libjvm.dylib+0x4872b9], sa_mask[0]=11111111011111110111111111111111, sa_flags=SA_RESTART|SA_SIGINFO
SIGTERM: [libjvm.dylib+0x4872b9], sa_mask[0]=11111111011111110111111111111111, sa_flags=SA_RESTART|SA_SIGINFO
SIGQUIT: [libjvm.dylib+0x4872b9], sa_mask[0]=11111111011111110111111111111111, sa_flags=SA_RESTART|SA_SIGINFO


---------------  S Y S T E M  ---------------

OS:Bsduname:Darwin 17.7.0 Darwin Kernel Version 17.7.0: Thu Jun 21 22:53:14 PDT 2018; root:xnu-4570.71.2~1/RELEASE_X86_64 x86_64
rlimit: STACK 8192k, CORE 0k, NPROC 709, NOFILE 10240, AS infinity
load average:2.44 2.39 2.31

CPU:total 4 (initial active 4) (2 cores per cpu, 2 threads per core) family 6 model 61 stepping 4, cmov, cx8, fxsr, mmx, sse, sse2, sse3, ssse3, sse4.1, sse4.2, popcnt, avx, avx2, aes, clmul, erms, rtm, 3dnowpref, lzcnt, ht, tsc, tscinvbit, bmi1, bmi2, adx

Memory: 4k page, physical 8388608k(219812k free)

/proc/meminfo:


vm_info: Java HotSpot(TM) 64-Bit Server VM (25.151-b12) for bsd-amd64 JRE (1.8.0_151-b12), built on Sep  5 2017 19:37:08 by "java_re" with gcc 4.2.1 (Based on Apple Inc. build 5658) (LLVM build 2336.11.00)

time: Sun Oct 14 14:42:06 2018
elapsed time: 95 seconds (0d 0h 1m 35s)

